sample.interval=1000
"FUN" "lapply" "FUN" "lapply" "FUN" "lapply" "simplify" "parse_and_simplify" "jsonlite::fromJSON" "predict.xgb.Booster" "predict" "qshap_loss_xgboost" "qshap_loss.qshapr_tree_explainer" "qshap_loss" "qshapr::qshap_rsq" 
"qshap_loss_xgboost" "qshap_loss.qshapr_tree_explainer" "qshap_loss" "qshapr::qshap_rsq" 
".Call" "loss_treeshap" "qshap_loss_xgboost" "qshap_loss.qshapr_tree_explainer" "qshap_loss" "qshapr::qshap_rsq" 
".Call" "loss_treeshap" "qshap_loss_xgboost" "qshap_loss.qshapr_tree_explainer" "qshap_loss" "qshapr::qshap_rsq" 
".Call" "loss_treeshap" "qshap_loss_xgboost" "qshap_loss.qshapr_tree_explainer" "qshap_loss" "qshapr::qshap_rsq" 
".Call" "loss_treeshap" "qshap_loss_xgboost" "qshap_loss.qshapr_tree_explainer" "qshap_loss" "qshapr::qshap_rsq" 
".Call" "loss_treeshap" "qshap_loss_xgboost" "qshap_loss.qshapr_tree_explainer" "qshap_loss" "qshapr::qshap_rsq" 
".Call" "loss_treeshap" "qshap_loss_xgboost" "qshap_loss.qshapr_tree_explainer" "qshap_loss" "qshapr::qshap_rsq" 
".Call" "loss_treeshap" "qshap_loss_xgboost" "qshap_loss.qshapr_tree_explainer" "qshap_loss" "qshapr::qshap_rsq" 
".Call" "loss_treeshap" "qshap_loss_xgboost" "qshap_loss.qshapr_tree_explainer" "qshap_loss" "qshapr::qshap_rsq" 
".Call" "loss_treeshap" "qshap_loss_xgboost" "qshap_loss.qshapr_tree_explainer" "qshap_loss" "qshapr::qshap_rsq" 
".Call" "loss_treeshap" "qshap_loss_xgboost" "qshap_loss.qshapr_tree_explainer" "qshap_loss" "qshapr::qshap_rsq" 
".Call" "loss_treeshap" "qshap_loss_xgboost" "qshap_loss.qshapr_tree_explainer" "qshap_loss" "qshapr::qshap_rsq" 
".Call" "loss_treeshap" "qshap_loss_xgboost" "qshap_loss.qshapr_tree_explainer" "qshap_loss" "qshapr::qshap_rsq" 
".Call" "loss_treeshap" "qshap_loss_xgboost" "qshap_loss.qshapr_tree_explainer" "qshap_loss" "qshapr::qshap_rsq" 
".Call" "loss_treeshap" "qshap_loss_xgboost" "qshap_loss.qshapr_tree_explainer" "qshap_loss" "qshapr::qshap_rsq" 
".Call" "loss_treeshap" "qshap_loss_xgboost" "qshap_loss.qshapr_tree_explainer" "qshap_loss" "qshapr::qshap_rsq" 
".Call" "loss_treeshap" "qshap_loss_xgboost" "qshap_loss.qshapr_tree_explainer" "qshap_loss" "qshapr::qshap_rsq" 
".Call" "loss_treeshap" "qshap_loss_xgboost" "qshap_loss.qshapr_tree_explainer" "qshap_loss" "qshapr::qshap_rsq" 
".Call" "loss_treeshap" "qshap_loss_xgboost" "qshap_loss.qshapr_tree_explainer" "qshap_loss" "qshapr::qshap_rsq" 
".Call" "loss_treeshap" "qshap_loss_xgboost" "qshap_loss.qshapr_tree_explainer" "qshap_loss" "qshapr::qshap_rsq" 
".Call" "loss_treeshap" "qshap_loss_xgboost" "qshap_loss.qshapr_tree_explainer" "qshap_loss" "qshapr::qshap_rsq" 
".Call" "loss_treeshap" "qshap_loss_xgboost" "qshap_loss.qshapr_tree_explainer" "qshap_loss" "qshapr::qshap_rsq" 
".Call" "loss_treeshap" "qshap_loss_xgboost" "qshap_loss.qshapr_tree_explainer" "qshap_loss" "qshapr::qshap_rsq" 
".Call" "loss_treeshap" "qshap_loss_xgboost" "qshap_loss.qshapr_tree_explainer" "qshap_loss" "qshapr::qshap_rsq" 
".Call" "loss_treeshap" "qshap_loss_xgboost" "qshap_loss.qshapr_tree_explainer" "qshap_loss" "qshapr::qshap_rsq" 
".Call" "loss_treeshap" "qshap_loss_xgboost" "qshap_loss.qshapr_tree_explainer" "qshap_loss" "qshapr::qshap_rsq" 
".Call" "loss_treeshap" "qshap_loss_xgboost" "qshap_loss.qshapr_tree_explainer" "qshap_loss" "qshapr::qshap_rsq" 
".Call" "loss_treeshap" "qshap_loss_xgboost" "qshap_loss.qshapr_tree_explainer" "qshap_loss" "qshapr::qshap_rsq" 
".Call" "loss_treeshap" "qshap_loss_xgboost" "qshap_loss.qshapr_tree_explainer" "qshap_loss" "qshapr::qshap_rsq" 
".Call" "loss_treeshap" "qshap_loss_xgboost" "qshap_loss.qshapr_tree_explainer" "qshap_loss" "qshapr::qshap_rsq" 
".Call" "loss_treeshap" "qshap_loss_xgboost" "qshap_loss.qshapr_tree_explainer" "qshap_loss" "qshapr::qshap_rsq" 
".Call" "loss_treeshap" "qshap_loss_xgboost" "qshap_loss.qshapr_tree_explainer" "qshap_loss" "qshapr::qshap_rsq" 
".Call" "loss_treeshap" "qshap_loss_xgboost" "qshap_loss.qshapr_tree_explainer" "qshap_loss" "qshapr::qshap_rsq" 
".Call" "loss_treeshap" "qshap_loss_xgboost" "qshap_loss.qshapr_tree_explainer" "qshap_loss" "qshapr::qshap_rsq" 
".Call" "loss_treeshap" "qshap_loss_xgboost" "qshap_loss.qshapr_tree_explainer" "qshap_loss" "qshapr::qshap_rsq" 
".Call" "loss_treeshap" "qshap_loss_xgboost" "qshap_loss.qshapr_tree_explainer" "qshap_loss" "qshapr::qshap_rsq" 
".Call" "loss_treeshap" "qshap_loss_xgboost" "qshap_loss.qshapr_tree_explainer" "qshap_loss" "qshapr::qshap_rsq" 
".Call" "loss_treeshap" "qshap_loss_xgboost" "qshap_loss.qshapr_tree_explainer" "qshap_loss" "qshapr::qshap_rsq" 
".Call" "loss_treeshap" "qshap_loss_xgboost" "qshap_loss.qshapr_tree_explainer" "qshap_loss" "qshapr::qshap_rsq" 
".Call" "loss_treeshap" "qshap_loss_xgboost" "qshap_loss.qshapr_tree_explainer" "qshap_loss" "qshapr::qshap_rsq" 
".Call" "loss_treeshap" "qshap_loss_xgboost" "qshap_loss.qshapr_tree_explainer" "qshap_loss" "qshapr::qshap_rsq" 
".Call" "loss_treeshap" "qshap_loss_xgboost" "qshap_loss.qshapr_tree_explainer" "qshap_loss" "qshapr::qshap_rsq" 
".Call" "loss_treeshap" "qshap_loss_xgboost" "qshap_loss.qshapr_tree_explainer" "qshap_loss" "qshapr::qshap_rsq" 
".Call" "loss_treeshap" "qshap_loss_xgboost" "qshap_loss.qshapr_tree_explainer" "qshap_loss" "qshapr::qshap_rsq" 
".Call" "loss_treeshap" "qshap_loss_xgboost" "qshap_loss.qshapr_tree_explainer" "qshap_loss" "qshapr::qshap_rsq" 
".Call" "loss_treeshap" "qshap_loss_xgboost" "qshap_loss.qshapr_tree_explainer" "qshap_loss" "qshapr::qshap_rsq" 
".Call" "loss_treeshap" "qshap_loss_xgboost" "qshap_loss.qshapr_tree_explainer" "qshap_loss" "qshapr::qshap_rsq" 
".Call" "loss_treeshap" "qshap_loss_xgboost" "qshap_loss.qshapr_tree_explainer" "qshap_loss" "qshapr::qshap_rsq" 
".Call" "loss_treeshap" "qshap_loss_xgboost" "qshap_loss.qshapr_tree_explainer" "qshap_loss" "qshapr::qshap_rsq" 
".Call" "loss_treeshap" "qshap_loss_xgboost" "qshap_loss.qshapr_tree_explainer" "qshap_loss" "qshapr::qshap_rsq" 
".Call" "loss_treeshap" "qshap_loss_xgboost" "qshap_loss.qshapr_tree_explainer" "qshap_loss" "qshapr::qshap_rsq" 
".Call" "loss_treeshap" "qshap_loss_xgboost" "qshap_loss.qshapr_tree_explainer" "qshap_loss" "qshapr::qshap_rsq" 
".Call" "loss_treeshap" "qshap_loss_xgboost" "qshap_loss.qshapr_tree_explainer" "qshap_loss" "qshapr::qshap_rsq" 
".Call" "loss_treeshap" "qshap_loss_xgboost" "qshap_loss.qshapr_tree_explainer" "qshap_loss" "qshapr::qshap_rsq" 
".Call" "loss_treeshap" "qshap_loss_xgboost" "qshap_loss.qshapr_tree_explainer" "qshap_loss" "qshapr::qshap_rsq" 
".Call" "loss_treeshap" "qshap_loss_xgboost" "qshap_loss.qshapr_tree_explainer" "qshap_loss" "qshapr::qshap_rsq" 
".Call" "loss_treeshap" "qshap_loss_xgboost" "qshap_loss.qshapr_tree_explainer" "qshap_loss" "qshapr::qshap_rsq" 
"topenv" "getPackageName" "isTRUE" "getClassDef" "is" "num_to_char" ".local" "FUN" "FUN" "vapply" ".local" "asJSON" "asJSON" "jsonlite::toJSON" "predict.xgb.Booster" "predict" "qshap_loss_xgboost" "qshap_loss.qshapr_tree_explainer" "qshap_loss" "qshapr::qshap_rsq" 
"predict.xgb.Booster" "predict" "qshap_loss_xgboost" "qshap_loss.qshapr_tree_explainer" "qshap_loss" "qshapr::qshap_rsq" 
"is" "num_to_char" ".local" "FUN" "FUN" "vapply" ".local" "asJSON" "asJSON" "jsonlite::toJSON" "predict.xgb.Booster" "predict" "qshap_loss_xgboost" "qshap_loss.qshapr_tree_explainer" "qshap_loss" "qshapr::qshap_rsq" 
".Call" "loss_treeshap" "qshap_loss_xgboost" "qshap_loss.qshapr_tree_explainer" "qshap_loss" "qshapr::qshap_rsq" 
".Call" "loss_treeshap" "qshap_loss_xgboost" "qshap_loss.qshapr_tree_explainer" "qshap_loss" "qshapr::qshap_rsq" 
".Call" "loss_treeshap" "qshap_loss_xgboost" "qshap_loss.qshapr_tree_explainer" "qshap_loss" "qshapr::qshap_rsq" 
".Call" "loss_treeshap" "qshap_loss_xgboost" "qshap_loss.qshapr_tree_explainer" "qshap_loss" "qshapr::qshap_rsq" 
".Call" "loss_treeshap" "qshap_loss_xgboost" "qshap_loss.qshapr_tree_explainer" "qshap_loss" "qshapr::qshap_rsq" 
".Call" "loss_treeshap" "qshap_loss_xgboost" "qshap_loss.qshapr_tree_explainer" "qshap_loss" "qshapr::qshap_rsq" 
".Call" "loss_treeshap" "qshap_loss_xgboost" "qshap_loss.qshapr_tree_explainer" "qshap_loss" "qshapr::qshap_rsq" 
".Call" "loss_treeshap" "qshap_loss_xgboost" "qshap_loss.qshapr_tree_explainer" "qshap_loss" "qshapr::qshap_rsq" 
".Call" "loss_treeshap" "qshap_loss_xgboost" "qshap_loss.qshapr_tree_explainer" "qshap_loss" "qshapr::qshap_rsq" 
".Call" "loss_treeshap" "qshap_loss_xgboost" "qshap_loss.qshapr_tree_explainer" "qshap_loss" "qshapr::qshap_rsq" 
".Call" "loss_treeshap" "qshap_loss_xgboost" "qshap_loss.qshapr_tree_explainer" "qshap_loss" "qshapr::qshap_rsq" 
".Call" "loss_treeshap" "qshap_loss_xgboost" "qshap_loss.qshapr_tree_explainer" "qshap_loss" "qshapr::qshap_rsq" 
".Call" "loss_treeshap" "qshap_loss_xgboost" "qshap_loss.qshapr_tree_explainer" "qshap_loss" "qshapr::qshap_rsq" 
".Call" "loss_treeshap" "qshap_loss_xgboost" "qshap_loss.qshapr_tree_explainer" "qshap_loss" "qshapr::qshap_rsq" 
".Call" "loss_treeshap" "qshap_loss_xgboost" "qshap_loss.qshapr_tree_explainer" "qshap_loss" "qshapr::qshap_rsq" 
".Call" "loss_treeshap" "qshap_loss_xgboost" "qshap_loss.qshapr_tree_explainer" "qshap_loss" "qshapr::qshap_rsq" 
".Call" "loss_treeshap" "qshap_loss_xgboost" "qshap_loss.qshapr_tree_explainer" "qshap_loss" "qshapr::qshap_rsq" 
".Call" "loss_treeshap" "qshap_loss_xgboost" "qshap_loss.qshapr_tree_explainer" "qshap_loss" "qshapr::qshap_rsq" 
".Call" "loss_treeshap" "qshap_loss_xgboost" "qshap_loss.qshapr_tree_explainer" "qshap_loss" "qshapr::qshap_rsq" 
".Call" "loss_treeshap" "qshap_loss_xgboost" "qshap_loss.qshapr_tree_explainer" "qshap_loss" "qshapr::qshap_rsq" 
".Call" "loss_treeshap" "qshap_loss_xgboost" "qshap_loss.qshapr_tree_explainer" "qshap_loss" "qshapr::qshap_rsq" 
".Call" "loss_treeshap" "qshap_loss_xgboost" "qshap_loss.qshapr_tree_explainer" "qshap_loss" "qshapr::qshap_rsq" 
".Call" "loss_treeshap" "qshap_loss_xgboost" "qshap_loss.qshapr_tree_explainer" "qshap_loss" "qshapr::qshap_rsq" 
".Call" "loss_treeshap" "qshap_loss_xgboost" "qshap_loss.qshapr_tree_explainer" "qshap_loss" "qshapr::qshap_rsq" 
".Call" "loss_treeshap" "qshap_loss_xgboost" "qshap_loss.qshapr_tree_explainer" "qshap_loss" "qshapr::qshap_rsq" 
".Call" "loss_treeshap" "qshap_loss_xgboost" "qshap_loss.qshapr_tree_explainer" "qshap_loss" "qshapr::qshap_rsq" 
".Call" "loss_treeshap" "qshap_loss_xgboost" "qshap_loss.qshapr_tree_explainer" "qshap_loss" "qshapr::qshap_rsq" 
".Call" "loss_treeshap" "qshap_loss_xgboost" "qshap_loss.qshapr_tree_explainer" "qshap_loss" "qshapr::qshap_rsq" 
".Call" "loss_treeshap" "qshap_loss_xgboost" "qshap_loss.qshapr_tree_explainer" "qshap_loss" "qshapr::qshap_rsq" 
".Call" "loss_treeshap" "qshap_loss_xgboost" "qshap_loss.qshapr_tree_explainer" "qshap_loss" "qshapr::qshap_rsq" 
".Call" "loss_treeshap" "qshap_loss_xgboost" "qshap_loss.qshapr_tree_explainer" "qshap_loss" "qshapr::qshap_rsq" 
".Call" "loss_treeshap" "qshap_loss_xgboost" "qshap_loss.qshapr_tree_explainer" "qshap_loss" "qshapr::qshap_rsq" 
".Call" "loss_treeshap" "qshap_loss_xgboost" "qshap_loss.qshapr_tree_explainer" "qshap_loss" "qshapr::qshap_rsq" 
".Call" "loss_treeshap" "qshap_loss_xgboost" "qshap_loss.qshapr_tree_explainer" "qshap_loss" "qshapr::qshap_rsq" 
".Call" "loss_treeshap" "qshap_loss_xgboost" "qshap_loss.qshapr_tree_explainer" "qshap_loss" "qshapr::qshap_rsq" 
".Call" "loss_treeshap" "qshap_loss_xgboost" "qshap_loss.qshapr_tree_explainer" "qshap_loss" "qshapr::qshap_rsq" 
".Call" "loss_treeshap" "qshap_loss_xgboost" "qshap_loss.qshapr_tree_explainer" "qshap_loss" "qshapr::qshap_rsq" 
".Call" "loss_treeshap" "qshap_loss_xgboost" "qshap_loss.qshapr_tree_explainer" "qshap_loss" "qshapr::qshap_rsq" 
".Call" "loss_treeshap" "qshap_loss_xgboost" "qshap_loss.qshapr_tree_explainer" "qshap_loss" "qshapr::qshap_rsq" 
".Call" "loss_treeshap" "qshap_loss_xgboost" "qshap_loss.qshapr_tree_explainer" "qshap_loss" "qshapr::qshap_rsq" 
".Call" "loss_treeshap" "qshap_loss_xgboost" "qshap_loss.qshapr_tree_explainer" "qshap_loss" "qshapr::qshap_rsq" 
".Call" "loss_treeshap" "qshap_loss_xgboost" "qshap_loss.qshapr_tree_explainer" "qshap_loss" "qshapr::qshap_rsq" 
".Call" "loss_treeshap" "qshap_loss_xgboost" "qshap_loss.qshapr_tree_explainer" "qshap_loss" "qshapr::qshap_rsq" 
".Call" "loss_treeshap" "qshap_loss_xgboost" "qshap_loss.qshapr_tree_explainer" "qshap_loss" "qshapr::qshap_rsq" 
".Call" "loss_treeshap" "qshap_loss_xgboost" "qshap_loss.qshapr_tree_explainer" "qshap_loss" "qshapr::qshap_rsq" 
".Call" "loss_treeshap" "qshap_loss_xgboost" "qshap_loss.qshapr_tree_explainer" "qshap_loss" "qshapr::qshap_rsq" 
".Call" "loss_treeshap" "qshap_loss_xgboost" "qshap_loss.qshapr_tree_explainer" "qshap_loss" "qshapr::qshap_rsq" 
".Call" "loss_treeshap" "qshap_loss_xgboost" "qshap_loss.qshapr_tree_explainer" "qshap_loss" "qshapr::qshap_rsq" 
".Call" "loss_treeshap" "qshap_loss_xgboost" "qshap_loss.qshapr_tree_explainer" "qshap_loss" "qshapr::qshap_rsq" 
".Call" "loss_treeshap" "qshap_loss_xgboost" "qshap_loss.qshapr_tree_explainer" "qshap_loss" "qshapr::qshap_rsq" 
".Call" "loss_treeshap" "qshap_loss_xgboost" "qshap_loss.qshapr_tree_explainer" "qshap_loss" "qshapr::qshap_rsq" 
".Call" "loss_treeshap" "qshap_loss_xgboost" "qshap_loss.qshapr_tree_explainer" "qshap_loss" "qshapr::qshap_rsq" 
".Call" "loss_treeshap" "qshap_loss_xgboost" "qshap_loss.qshapr_tree_explainer" "qshap_loss" "qshapr::qshap_rsq" 
".Call" "loss_treeshap" "qshap_loss_xgboost" "qshap_loss.qshapr_tree_explainer" "qshap_loss" "qshapr::qshap_rsq" 
".Call" "loss_treeshap" "qshap_loss_xgboost" "qshap_loss.qshapr_tree_explainer" "qshap_loss" "qshapr::qshap_rsq" 
".Call" "loss_treeshap" "qshap_loss_xgboost" "qshap_loss.qshapr_tree_explainer" "qshap_loss" "qshapr::qshap_rsq" 
".Call" "loss_treeshap" "qshap_loss_xgboost" "qshap_loss.qshapr_tree_explainer" "qshap_loss" "qshapr::qshap_rsq" 
".Call" "loss_treeshap" "qshap_loss_xgboost" "qshap_loss.qshapr_tree_explainer" "qshap_loss" "qshapr::qshap_rsq" 
".Call" "loss_treeshap" "qshap_loss_xgboost" "qshap_loss.qshapr_tree_explainer" "qshap_loss" "qshapr::qshap_rsq" 
".Call" "loss_treeshap" "qshap_loss_xgboost" "qshap_loss.qshapr_tree_explainer" "qshap_loss" "qshapr::qshap_rsq" 
"qshap_loss_xgboost" "qshap_loss.qshapr_tree_explainer" "qshap_loss" "qshapr::qshap_rsq" 
"vapply" ".local" "asJSON" "asJSON" "jsonlite::toJSON" "predict.xgb.Booster" "predict" "qshap_loss_xgboost" "qshap_loss.qshapr_tree_explainer" "qshap_loss" "qshapr::qshap_rsq" 
"getNamespace" ".requirePackage" "getClassDef" "is" ".local" "FUN" "FUN" "vapply" ".local" "asJSON" "asJSON" "jsonlite::toJSON" "predict.xgb.Booster" "predict" "qshap_loss_xgboost" "qshap_loss.qshapr_tree_explainer" "qshap_loss" "qshapr::qshap_rsq" 
"predict.xgb.Booster" "predict" "qshap_loss_xgboost" "qshap_loss.qshapr_tree_explainer" "qshap_loss" "qshapr::qshap_rsq" 
"predict.xgb.Booster" "predict" "qshap_loss_xgboost" "qshap_loss.qshapr_tree_explainer" "qshap_loss" "qshapr::qshap_rsq" 
".Call" "loss_treeshap" "qshap_loss_xgboost" "qshap_loss.qshapr_tree_explainer" "qshap_loss" "qshapr::qshap_rsq" 
".Call" "loss_treeshap" "qshap_loss_xgboost" "qshap_loss.qshapr_tree_explainer" "qshap_loss" "qshapr::qshap_rsq" 
".Call" "loss_treeshap" "qshap_loss_xgboost" "qshap_loss.qshapr_tree_explainer" "qshap_loss" "qshapr::qshap_rsq" 
".Call" "loss_treeshap" "qshap_loss_xgboost" "qshap_loss.qshapr_tree_explainer" "qshap_loss" "qshapr::qshap_rsq" 
".Call" "loss_treeshap" "qshap_loss_xgboost" "qshap_loss.qshapr_tree_explainer" "qshap_loss" "qshapr::qshap_rsq" 
".Call" "loss_treeshap" "qshap_loss_xgboost" "qshap_loss.qshapr_tree_explainer" "qshap_loss" "qshapr::qshap_rsq" 
".Call" "loss_treeshap" "qshap_loss_xgboost" "qshap_loss.qshapr_tree_explainer" "qshap_loss" "qshapr::qshap_rsq" 
".Call" "loss_treeshap" "qshap_loss_xgboost" "qshap_loss.qshapr_tree_explainer" "qshap_loss" "qshapr::qshap_rsq" 
".Call" "loss_treeshap" "qshap_loss_xgboost" "qshap_loss.qshapr_tree_explainer" "qshap_loss" "qshapr::qshap_rsq" 
".Call" "loss_treeshap" "qshap_loss_xgboost" "qshap_loss.qshapr_tree_explainer" "qshap_loss" "qshapr::qshap_rsq" 
".Call" "loss_treeshap" "qshap_loss_xgboost" "qshap_loss.qshapr_tree_explainer" "qshap_loss" "qshapr::qshap_rsq" 
".Call" "loss_treeshap" "qshap_loss_xgboost" "qshap_loss.qshapr_tree_explainer" "qshap_loss" "qshapr::qshap_rsq" 
".Call" "loss_treeshap" "qshap_loss_xgboost" "qshap_loss.qshapr_tree_explainer" "qshap_loss" "qshapr::qshap_rsq" 
".Call" "loss_treeshap" "qshap_loss_xgboost" "qshap_loss.qshapr_tree_explainer" "qshap_loss" "qshapr::qshap_rsq" 
".Call" "loss_treeshap" "qshap_loss_xgboost" "qshap_loss.qshapr_tree_explainer" "qshap_loss" "qshapr::qshap_rsq" 
".Call" "loss_treeshap" "qshap_loss_xgboost" "qshap_loss.qshapr_tree_explainer" "qshap_loss" "qshapr::qshap_rsq" 
".Call" "loss_treeshap" "qshap_loss_xgboost" "qshap_loss.qshapr_tree_explainer" "qshap_loss" "qshapr::qshap_rsq" 
".Call" "loss_treeshap" "qshap_loss_xgboost" "qshap_loss.qshapr_tree_explainer" "qshap_loss" "qshapr::qshap_rsq" 
".Call" "loss_treeshap" "qshap_loss_xgboost" "qshap_loss.qshapr_tree_explainer" "qshap_loss" "qshapr::qshap_rsq" 
".Call" "loss_treeshap" "qshap_loss_xgboost" "qshap_loss.qshapr_tree_explainer" "qshap_loss" "qshapr::qshap_rsq" 
".Call" "loss_treeshap" "qshap_loss_xgboost" "qshap_loss.qshapr_tree_explainer" "qshap_loss" "qshapr::qshap_rsq" 
".Call" "loss_treeshap" "qshap_loss_xgboost" "qshap_loss.qshapr_tree_explainer" "qshap_loss" "qshapr::qshap_rsq" 
".Call" "loss_treeshap" "qshap_loss_xgboost" "qshap_loss.qshapr_tree_explainer" "qshap_loss" "qshapr::qshap_rsq" 
".Call" "loss_treeshap" "qshap_loss_xgboost" "qshap_loss.qshapr_tree_explainer" "qshap_loss" "qshapr::qshap_rsq" 
".Call" "loss_treeshap" "qshap_loss_xgboost" "qshap_loss.qshapr_tree_explainer" "qshap_loss" "qshapr::qshap_rsq" 
".Call" "loss_treeshap" "qshap_loss_xgboost" "qshap_loss.qshapr_tree_explainer" "qshap_loss" "qshapr::qshap_rsq" 
".Call" "loss_treeshap" "qshap_loss_xgboost" "qshap_loss.qshapr_tree_explainer" "qshap_loss" "qshapr::qshap_rsq" 
".Call" "loss_treeshap" "qshap_loss_xgboost" "qshap_loss.qshapr_tree_explainer" "qshap_loss" "qshapr::qshap_rsq" 
".Call" "loss_treeshap" "qshap_loss_xgboost" "qshap_loss.qshapr_tree_explainer" "qshap_loss" "qshapr::qshap_rsq" 
".Call" "loss_treeshap" "qshap_loss_xgboost" "qshap_loss.qshapr_tree_explainer" "qshap_loss" "qshapr::qshap_rsq" 
".Call" "loss_treeshap" "qshap_loss_xgboost" "qshap_loss.qshapr_tree_explainer" "qshap_loss" "qshapr::qshap_rsq" 
".Call" "loss_treeshap" "qshap_loss_xgboost" "qshap_loss.qshapr_tree_explainer" "qshap_loss" "qshapr::qshap_rsq" 
".Call" "loss_treeshap" "qshap_loss_xgboost" "qshap_loss.qshapr_tree_explainer" "qshap_loss" "qshapr::qshap_rsq" 
".Call" "loss_treeshap" "qshap_loss_xgboost" "qshap_loss.qshapr_tree_explainer" "qshap_loss" "qshapr::qshap_rsq" 
".Call" "loss_treeshap" "qshap_loss_xgboost" "qshap_loss.qshapr_tree_explainer" "qshap_loss" "qshapr::qshap_rsq" 
".Call" "loss_treeshap" "qshap_loss_xgboost" "qshap_loss.qshapr_tree_explainer" "qshap_loss" "qshapr::qshap_rsq" 
".Call" "loss_treeshap" "qshap_loss_xgboost" "qshap_loss.qshapr_tree_explainer" "qshap_loss" "qshapr::qshap_rsq" 
".Call" "loss_treeshap" "qshap_loss_xgboost" "qshap_loss.qshapr_tree_explainer" "qshap_loss" "qshapr::qshap_rsq" 
".Call" "loss_treeshap" "qshap_loss_xgboost" "qshap_loss.qshapr_tree_explainer" "qshap_loss" "qshapr::qshap_rsq" 
".Call" "loss_treeshap" "qshap_loss_xgboost" "qshap_loss.qshapr_tree_explainer" "qshap_loss" "qshapr::qshap_rsq" 
".Call" "loss_treeshap" "qshap_loss_xgboost" "qshap_loss.qshapr_tree_explainer" "qshap_loss" "qshapr::qshap_rsq" 
".Call" "loss_treeshap" "qshap_loss_xgboost" "qshap_loss.qshapr_tree_explainer" "qshap_loss" "qshapr::qshap_rsq" 
".Call" "loss_treeshap" "qshap_loss_xgboost" "qshap_loss.qshapr_tree_explainer" "qshap_loss" "qshapr::qshap_rsq" 
".Call" "loss_treeshap" "qshap_loss_xgboost" "qshap_loss.qshapr_tree_explainer" "qshap_loss" "qshapr::qshap_rsq" 
".Call" "loss_treeshap" "qshap_loss_xgboost" "qshap_loss.qshapr_tree_explainer" "qshap_loss" "qshapr::qshap_rsq" 
".Call" "loss_treeshap" "qshap_loss_xgboost" "qshap_loss.qshapr_tree_explainer" "qshap_loss" "qshapr::qshap_rsq" 
".Call" "loss_treeshap" "qshap_loss_xgboost" "qshap_loss.qshapr_tree_explainer" "qshap_loss" "qshapr::qshap_rsq" 
".Call" "loss_treeshap" "qshap_loss_xgboost" "qshap_loss.qshapr_tree_explainer" "qshap_loss" "qshapr::qshap_rsq" 
".Call" "loss_treeshap" "qshap_loss_xgboost" "qshap_loss.qshapr_tree_explainer" "qshap_loss" "qshapr::qshap_rsq" 
".Call" "loss_treeshap" "qshap_loss_xgboost" "qshap_loss.qshapr_tree_explainer" "qshap_loss" "qshapr::qshap_rsq" 
".Call" "loss_treeshap" "qshap_loss_xgboost" "qshap_loss.qshapr_tree_explainer" "qshap_loss" "qshapr::qshap_rsq" 
".Call" "loss_treeshap" "qshap_loss_xgboost" "qshap_loss.qshapr_tree_explainer" "qshap_loss" "qshapr::qshap_rsq" 
".Call" "loss_treeshap" "qshap_loss_xgboost" "qshap_loss.qshapr_tree_explainer" "qshap_loss" "qshapr::qshap_rsq" 
".Call" "loss_treeshap" "qshap_loss_xgboost" "qshap_loss.qshapr_tree_explainer" "qshap_loss" "qshapr::qshap_rsq" 
".Call" "loss_treeshap" "qshap_loss_xgboost" "qshap_loss.qshapr_tree_explainer" "qshap_loss" "qshapr::qshap_rsq" 
".Call" "loss_treeshap" "qshap_loss_xgboost" "qshap_loss.qshapr_tree_explainer" "qshap_loss" "qshapr::qshap_rsq" 
".Call" "loss_treeshap" "qshap_loss_xgboost" "qshap_loss.qshapr_tree_explainer" "qshap_loss" "qshapr::qshap_rsq" 
".Call" "loss_treeshap" "qshap_loss_xgboost" "qshap_loss.qshapr_tree_explainer" "qshap_loss" "qshapr::qshap_rsq" 
".Call" "loss_treeshap" "qshap_loss_xgboost" "qshap_loss.qshapr_tree_explainer" "qshap_loss" "qshapr::qshap_rsq" 
".Call" "loss_treeshap" "qshap_loss_xgboost" "qshap_loss.qshapr_tree_explainer" "qshap_loss" "qshapr::qshap_rsq" 
".Call" "loss_treeshap" "qshap_loss_xgboost" "qshap_loss.qshapr_tree_explainer" "qshap_loss" "qshapr::qshap_rsq" 
".Call" "loss_treeshap" "qshap_loss_xgboost" "qshap_loss.qshapr_tree_explainer" "qshap_loss" "qshapr::qshap_rsq" 
"sys.function" "formals" "match.arg" "jsonlite::toJSON" "predict.xgb.Booster" "predict" "qshap_loss_xgboost" "qshap_loss.qshapr_tree_explainer" "qshap_loss" "qshapr::qshap_rsq" 
"match.arg" "jsonlite::toJSON" "predict.xgb.Booster" "predict" "qshap_loss_xgboost" "qshap_loss.qshapr_tree_explainer" "qshap_loss" "qshapr::qshap_rsq" 
"predict.xgb.Booster" "predict" "qshap_loss_xgboost" "qshap_loss.qshapr_tree_explainer" "qshap_loss" "qshapr::qshap_rsq" 
"formals" "match.arg" ".local" "FUN" "FUN" "vapply" ".local" "asJSON" "asJSON" "jsonlite::toJSON" "predict.xgb.Booster" "predict" "qshap_loss_xgboost" "qshap_loss.qshapr_tree_explainer" "qshap_loss" "qshapr::qshap_rsq" 
"predict.xgb.Booster" "predict" "qshap_loss_xgboost" "qshap_loss.qshapr_tree_explainer" "qshap_loss" "qshapr::qshap_rsq" 
".Call" "loss_treeshap" "qshap_loss_xgboost" "qshap_loss.qshapr_tree_explainer" "qshap_loss" "qshapr::qshap_rsq" 
".Call" "loss_treeshap" "qshap_loss_xgboost" "qshap_loss.qshapr_tree_explainer" "qshap_loss" "qshapr::qshap_rsq" 
".Call" "loss_treeshap" "qshap_loss_xgboost" "qshap_loss.qshapr_tree_explainer" "qshap_loss" "qshapr::qshap_rsq" 
".Call" "loss_treeshap" "qshap_loss_xgboost" "qshap_loss.qshapr_tree_explainer" "qshap_loss" "qshapr::qshap_rsq" 
".Call" "loss_treeshap" "qshap_loss_xgboost" "qshap_loss.qshapr_tree_explainer" "qshap_loss" "qshapr::qshap_rsq" 
".Call" "loss_treeshap" "qshap_loss_xgboost" "qshap_loss.qshapr_tree_explainer" "qshap_loss" "qshapr::qshap_rsq" 
".Call" "loss_treeshap" "qshap_loss_xgboost" "qshap_loss.qshapr_tree_explainer" "qshap_loss" "qshapr::qshap_rsq" 
".Call" "loss_treeshap" "qshap_loss_xgboost" "qshap_loss.qshapr_tree_explainer" "qshap_loss" "qshapr::qshap_rsq" 
".Call" "loss_treeshap" "qshap_loss_xgboost" "qshap_loss.qshapr_tree_explainer" "qshap_loss" "qshapr::qshap_rsq" 
".Call" "loss_treeshap" "qshap_loss_xgboost" "qshap_loss.qshapr_tree_explainer" "qshap_loss" "qshapr::qshap_rsq" 
".Call" "loss_treeshap" "qshap_loss_xgboost" "qshap_loss.qshapr_tree_explainer" "qshap_loss" "qshapr::qshap_rsq" 
".Call" "loss_treeshap" "qshap_loss_xgboost" "qshap_loss.qshapr_tree_explainer" "qshap_loss" "qshapr::qshap_rsq" 
".Call" "loss_treeshap" "qshap_loss_xgboost" "qshap_loss.qshapr_tree_explainer" "qshap_loss" "qshapr::qshap_rsq" 
".Call" "loss_treeshap" "qshap_loss_xgboost" "qshap_loss.qshapr_tree_explainer" "qshap_loss" "qshapr::qshap_rsq" 
".Call" "loss_treeshap" "qshap_loss_xgboost" "qshap_loss.qshapr_tree_explainer" "qshap_loss" "qshapr::qshap_rsq" 
".Call" "loss_treeshap" "qshap_loss_xgboost" "qshap_loss.qshapr_tree_explainer" "qshap_loss" "qshapr::qshap_rsq" 
".Call" "loss_treeshap" "qshap_loss_xgboost" "qshap_loss.qshapr_tree_explainer" "qshap_loss" "qshapr::qshap_rsq" 
".Call" "loss_treeshap" "qshap_loss_xgboost" "qshap_loss.qshapr_tree_explainer" "qshap_loss" "qshapr::qshap_rsq" 
".Call" "loss_treeshap" "qshap_loss_xgboost" "qshap_loss.qshapr_tree_explainer" "qshap_loss" "qshapr::qshap_rsq" 
".Call" "loss_treeshap" "qshap_loss_xgboost" "qshap_loss.qshapr_tree_explainer" "qshap_loss" "qshapr::qshap_rsq" 
".Call" "loss_treeshap" "qshap_loss_xgboost" "qshap_loss.qshapr_tree_explainer" "qshap_loss" "qshapr::qshap_rsq" 
".Call" "loss_treeshap" "qshap_loss_xgboost" "qshap_loss.qshapr_tree_explainer" "qshap_loss" "qshapr::qshap_rsq" 
".Call" "loss_treeshap" "qshap_loss_xgboost" "qshap_loss.qshapr_tree_explainer" "qshap_loss" "qshapr::qshap_rsq" 
".Call" "loss_treeshap" "qshap_loss_xgboost" "qshap_loss.qshapr_tree_explainer" "qshap_loss" "qshapr::qshap_rsq" 
".Call" "loss_treeshap" "qshap_loss_xgboost" "qshap_loss.qshapr_tree_explainer" "qshap_loss" "qshapr::qshap_rsq" 
".Call" "loss_treeshap" "qshap_loss_xgboost" "qshap_loss.qshapr_tree_explainer" "qshap_loss" "qshapr::qshap_rsq" 
".Call" "loss_treeshap" "qshap_loss_xgboost" "qshap_loss.qshapr_tree_explainer" "qshap_loss" "qshapr::qshap_rsq" 
".Call" "loss_treeshap" "qshap_loss_xgboost" "qshap_loss.qshapr_tree_explainer" "qshap_loss" "qshapr::qshap_rsq" 
".Call" "loss_treeshap" "qshap_loss_xgboost" "qshap_loss.qshapr_tree_explainer" "qshap_loss" "qshapr::qshap_rsq" 
".Call" "loss_treeshap" "qshap_loss_xgboost" "qshap_loss.qshapr_tree_explainer" "qshap_loss" "qshapr::qshap_rsq" 
".Call" "loss_treeshap" "qshap_loss_xgboost" "qshap_loss.qshapr_tree_explainer" "qshap_loss" "qshapr::qshap_rsq" 
".Call" "loss_treeshap" "qshap_loss_xgboost" "qshap_loss.qshapr_tree_explainer" "qshap_loss" "qshapr::qshap_rsq" 
".Call" "loss_treeshap" "qshap_loss_xgboost" "qshap_loss.qshapr_tree_explainer" "qshap_loss" "qshapr::qshap_rsq" 
".Call" "loss_treeshap" "qshap_loss_xgboost" "qshap_loss.qshapr_tree_explainer" "qshap_loss" "qshapr::qshap_rsq" 
".Call" "loss_treeshap" "qshap_loss_xgboost" "qshap_loss.qshapr_tree_explainer" "qshap_loss" "qshapr::qshap_rsq" 
".Call" "loss_treeshap" "qshap_loss_xgboost" "qshap_loss.qshapr_tree_explainer" "qshap_loss" "qshapr::qshap_rsq" 
".Call" "loss_treeshap" "qshap_loss_xgboost" "qshap_loss.qshapr_tree_explainer" "qshap_loss" "qshapr::qshap_rsq" 
".Call" "loss_treeshap" "qshap_loss_xgboost" "qshap_loss.qshapr_tree_explainer" "qshap_loss" "qshapr::qshap_rsq" 
".Call" "loss_treeshap" "qshap_loss_xgboost" "qshap_loss.qshapr_tree_explainer" "qshap_loss" "qshapr::qshap_rsq" 
".Call" "loss_treeshap" "qshap_loss_xgboost" "qshap_loss.qshapr_tree_explainer" "qshap_loss" "qshapr::qshap_rsq" 
".Call" "loss_treeshap" "qshap_loss_xgboost" "qshap_loss.qshapr_tree_explainer" "qshap_loss" "qshapr::qshap_rsq" 
".Call" "loss_treeshap" "qshap_loss_xgboost" "qshap_loss.qshapr_tree_explainer" "qshap_loss" "qshapr::qshap_rsq" 
".Call" "loss_treeshap" "qshap_loss_xgboost" "qshap_loss.qshapr_tree_explainer" "qshap_loss" "qshapr::qshap_rsq" 
".Call" "loss_treeshap" "qshap_loss_xgboost" "qshap_loss.qshapr_tree_explainer" "qshap_loss" "qshapr::qshap_rsq" 
".Call" "loss_treeshap" "qshap_loss_xgboost" "qshap_loss.qshapr_tree_explainer" "qshap_loss" "qshapr::qshap_rsq" 
".Call" "loss_treeshap" "qshap_loss_xgboost" "qshap_loss.qshapr_tree_explainer" "qshap_loss" "qshapr::qshap_rsq" 
".Call" "loss_treeshap" "qshap_loss_xgboost" "qshap_loss.qshapr_tree_explainer" "qshap_loss" "qshapr::qshap_rsq" 
".Call" "loss_treeshap" "qshap_loss_xgboost" "qshap_loss.qshapr_tree_explainer" "qshap_loss" "qshapr::qshap_rsq" 
".Call" "loss_treeshap" "qshap_loss_xgboost" "qshap_loss.qshapr_tree_explainer" "qshap_loss" "qshapr::qshap_rsq" 
".Call" "loss_treeshap" "qshap_loss_xgboost" "qshap_loss.qshapr_tree_explainer" "qshap_loss" "qshapr::qshap_rsq" 
".Call" "loss_treeshap" "qshap_loss_xgboost" "qshap_loss.qshapr_tree_explainer" "qshap_loss" "qshapr::qshap_rsq" 
".Call" "loss_treeshap" "qshap_loss_xgboost" "qshap_loss.qshapr_tree_explainer" "qshap_loss" "qshapr::qshap_rsq" 
".Call" "loss_treeshap" "qshap_loss_xgboost" "qshap_loss.qshapr_tree_explainer" "qshap_loss" "qshapr::qshap_rsq" 
".Call" "loss_treeshap" "qshap_loss_xgboost" "qshap_loss.qshapr_tree_explainer" "qshap_loss" "qshapr::qshap_rsq" 
".Call" "loss_treeshap" "qshap_loss_xgboost" "qshap_loss.qshapr_tree_explainer" "qshap_loss" "qshapr::qshap_rsq" 
".Call" "loss_treeshap" "qshap_loss_xgboost" "qshap_loss.qshapr_tree_explainer" "qshap_loss" "qshapr::qshap_rsq" 
".Call" "loss_treeshap" "qshap_loss_xgboost" "qshap_loss.qshapr_tree_explainer" "qshap_loss" "qshapr::qshap_rsq" 
".Call" "loss_treeshap" "qshap_loss_xgboost" "qshap_loss.qshapr_tree_explainer" "qshap_loss" "qshapr::qshap_rsq" 
"getPackageName" "isTRUE" "getClassDef" "is" "num_to_char" ".local" "FUN" "FUN" "vapply" ".local" "asJSON" "asJSON" "jsonlite::toJSON" "predict.xgb.Booster" "predict" "qshap_loss_xgboost" "qshap_loss.qshapr_tree_explainer" "qshap_loss" "qshapr::qshap_rsq" 
"classMetaName" "getClassDef" "is" "num_to_char" ".local" "FUN" "FUN" "vapply" ".local" "asJSON" "asJSON" "jsonlite::toJSON" "predict.xgb.Booster" "predict" "qshap_loss_xgboost" "qshap_loss.qshapr_tree_explainer" "qshap_loss" "qshapr::qshap_rsq" 
"predict.xgb.Booster" "predict" "qshap_loss_xgboost" "qshap_loss.qshapr_tree_explainer" "qshap_loss" "qshapr::qshap_rsq" 
"getClassDef" "is" ".local" "FUN" "FUN" "vapply" ".local" "asJSON" "asJSON" "jsonlite::toJSON" "predict.xgb.Booster" "predict" "qshap_loss_xgboost" "qshap_loss.qshapr_tree_explainer" "qshap_loss" "qshapr::qshap_rsq" 
"predict.xgb.Booster" "predict" "qshap_loss_xgboost" "qshap_loss.qshapr_tree_explainer" "qshap_loss" "qshapr::qshap_rsq" 
".Call" "loss_treeshap" "qshap_loss_xgboost" "qshap_loss.qshapr_tree_explainer" "qshap_loss" "qshapr::qshap_rsq" 
".Call" "loss_treeshap" "qshap_loss_xgboost" "qshap_loss.qshapr_tree_explainer" "qshap_loss" "qshapr::qshap_rsq" 
".Call" "loss_treeshap" "qshap_loss_xgboost" "qshap_loss.qshapr_tree_explainer" "qshap_loss" "qshapr::qshap_rsq" 
".Call" "loss_treeshap" "qshap_loss_xgboost" "qshap_loss.qshapr_tree_explainer" "qshap_loss" "qshapr::qshap_rsq" 
".Call" "loss_treeshap" "qshap_loss_xgboost" "qshap_loss.qshapr_tree_explainer" "qshap_loss" "qshapr::qshap_rsq" 
".Call" "loss_treeshap" "qshap_loss_xgboost" "qshap_loss.qshapr_tree_explainer" "qshap_loss" "qshapr::qshap_rsq" 
".Call" "loss_treeshap" "qshap_loss_xgboost" "qshap_loss.qshapr_tree_explainer" "qshap_loss" "qshapr::qshap_rsq" 
".Call" "loss_treeshap" "qshap_loss_xgboost" "qshap_loss.qshapr_tree_explainer" "qshap_loss" "qshapr::qshap_rsq" 
".Call" "loss_treeshap" "qshap_loss_xgboost" "qshap_loss.qshapr_tree_explainer" "qshap_loss" "qshapr::qshap_rsq" 
".Call" "loss_treeshap" "qshap_loss_xgboost" "qshap_loss.qshapr_tree_explainer" "qshap_loss" "qshapr::qshap_rsq" 
".Call" "loss_treeshap" "qshap_loss_xgboost" "qshap_loss.qshapr_tree_explainer" "qshap_loss" "qshapr::qshap_rsq" 
".Call" "loss_treeshap" "qshap_loss_xgboost" "qshap_loss.qshapr_tree_explainer" "qshap_loss" "qshapr::qshap_rsq" 
".Call" "loss_treeshap" "qshap_loss_xgboost" "qshap_loss.qshapr_tree_explainer" "qshap_loss" "qshapr::qshap_rsq" 
".Call" "loss_treeshap" "qshap_loss_xgboost" "qshap_loss.qshapr_tree_explainer" "qshap_loss" "qshapr::qshap_rsq" 
".Call" "loss_treeshap" "qshap_loss_xgboost" "qshap_loss.qshapr_tree_explainer" "qshap_loss" "qshapr::qshap_rsq" 
".Call" "loss_treeshap" "qshap_loss_xgboost" "qshap_loss.qshapr_tree_explainer" "qshap_loss" "qshapr::qshap_rsq" 
".Call" "loss_treeshap" "qshap_loss_xgboost" "qshap_loss.qshapr_tree_explainer" "qshap_loss" "qshapr::qshap_rsq" 
".Call" "loss_treeshap" "qshap_loss_xgboost" "qshap_loss.qshapr_tree_explainer" "qshap_loss" "qshapr::qshap_rsq" 
".Call" "loss_treeshap" "qshap_loss_xgboost" "qshap_loss.qshapr_tree_explainer" "qshap_loss" "qshapr::qshap_rsq" 
".Call" "loss_treeshap" "qshap_loss_xgboost" "qshap_loss.qshapr_tree_explainer" "qshap_loss" "qshapr::qshap_rsq" 
".Call" "loss_treeshap" "qshap_loss_xgboost" "qshap_loss.qshapr_tree_explainer" "qshap_loss" "qshapr::qshap_rsq" 
".Call" "loss_treeshap" "qshap_loss_xgboost" "qshap_loss.qshapr_tree_explainer" "qshap_loss" "qshapr::qshap_rsq" 
".Call" "loss_treeshap" "qshap_loss_xgboost" "qshap_loss.qshapr_tree_explainer" "qshap_loss" "qshapr::qshap_rsq" 
".Call" "loss_treeshap" "qshap_loss_xgboost" "qshap_loss.qshapr_tree_explainer" "qshap_loss" "qshapr::qshap_rsq" 
".Call" "loss_treeshap" "qshap_loss_xgboost" "qshap_loss.qshapr_tree_explainer" "qshap_loss" "qshapr::qshap_rsq" 
".Call" "loss_treeshap" "qshap_loss_xgboost" "qshap_loss.qshapr_tree_explainer" "qshap_loss" "qshapr::qshap_rsq" 
".Call" "loss_treeshap" "qshap_loss_xgboost" "qshap_loss.qshapr_tree_explainer" "qshap_loss" "qshapr::qshap_rsq" 
".Call" "loss_treeshap" "qshap_loss_xgboost" "qshap_loss.qshapr_tree_explainer" "qshap_loss" "qshapr::qshap_rsq" 
".Call" "loss_treeshap" "qshap_loss_xgboost" "qshap_loss.qshapr_tree_explainer" "qshap_loss" "qshapr::qshap_rsq" 
".Call" "loss_treeshap" "qshap_loss_xgboost" "qshap_loss.qshapr_tree_explainer" "qshap_loss" "qshapr::qshap_rsq" 
".Call" "loss_treeshap" "qshap_loss_xgboost" "qshap_loss.qshapr_tree_explainer" "qshap_loss" "qshapr::qshap_rsq" 
".Call" "loss_treeshap" "qshap_loss_xgboost" "qshap_loss.qshapr_tree_explainer" "qshap_loss" "qshapr::qshap_rsq" 
".Call" "loss_treeshap" "qshap_loss_xgboost" "qshap_loss.qshapr_tree_explainer" "qshap_loss" "qshapr::qshap_rsq" 
".Call" "loss_treeshap" "qshap_loss_xgboost" "qshap_loss.qshapr_tree_explainer" "qshap_loss" "qshapr::qshap_rsq" 
".Call" "loss_treeshap" "qshap_loss_xgboost" "qshap_loss.qshapr_tree_explainer" "qshap_loss" "qshapr::qshap_rsq" 
".Call" "loss_treeshap" "qshap_loss_xgboost" "qshap_loss.qshapr_tree_explainer" "qshap_loss" "qshapr::qshap_rsq" 
".Call" "loss_treeshap" "qshap_loss_xgboost" "qshap_loss.qshapr_tree_explainer" "qshap_loss" "qshapr::qshap_rsq" 
".Call" "loss_treeshap" "qshap_loss_xgboost" "qshap_loss.qshapr_tree_explainer" "qshap_loss" "qshapr::qshap_rsq" 
".Call" "loss_treeshap" "qshap_loss_xgboost" "qshap_loss.qshapr_tree_explainer" "qshap_loss" "qshapr::qshap_rsq" 
".Call" "loss_treeshap" "qshap_loss_xgboost" "qshap_loss.qshapr_tree_explainer" "qshap_loss" "qshapr::qshap_rsq" 
".Call" "loss_treeshap" "qshap_loss_xgboost" "qshap_loss.qshapr_tree_explainer" "qshap_loss" "qshapr::qshap_rsq" 
".Call" "loss_treeshap" "qshap_loss_xgboost" "qshap_loss.qshapr_tree_explainer" "qshap_loss" "qshapr::qshap_rsq" 
".Call" "loss_treeshap" "qshap_loss_xgboost" "qshap_loss.qshapr_tree_explainer" "qshap_loss" "qshapr::qshap_rsq" 
".Call" "loss_treeshap" "qshap_loss_xgboost" "qshap_loss.qshapr_tree_explainer" "qshap_loss" "qshapr::qshap_rsq" 
".Call" "loss_treeshap" "qshap_loss_xgboost" "qshap_loss.qshapr_tree_explainer" "qshap_loss" "qshapr::qshap_rsq" 
".Call" "loss_treeshap" "qshap_loss_xgboost" "qshap_loss.qshapr_tree_explainer" "qshap_loss" "qshapr::qshap_rsq" 
".Call" "loss_treeshap" "qshap_loss_xgboost" "qshap_loss.qshapr_tree_explainer" "qshap_loss" "qshapr::qshap_rsq" 
".Call" "loss_treeshap" "qshap_loss_xgboost" "qshap_loss.qshapr_tree_explainer" "qshap_loss" "qshapr::qshap_rsq" 
".Call" "loss_treeshap" "qshap_loss_xgboost" "qshap_loss.qshapr_tree_explainer" "qshap_loss" "qshapr::qshap_rsq" 
".Call" "loss_treeshap" "qshap_loss_xgboost" "qshap_loss.qshapr_tree_explainer" "qshap_loss" "qshapr::qshap_rsq" 
".Call" "loss_treeshap" "qshap_loss_xgboost" "qshap_loss.qshapr_tree_explainer" "qshap_loss" "qshapr::qshap_rsq" 
".Call" "loss_treeshap" "qshap_loss_xgboost" "qshap_loss.qshapr_tree_explainer" "qshap_loss" "qshapr::qshap_rsq" 
".Call" "loss_treeshap" "qshap_loss_xgboost" "qshap_loss.qshapr_tree_explainer" "qshap_loss" "qshapr::qshap_rsq" 
".Call" "loss_treeshap" "qshap_loss_xgboost" "qshap_loss.qshapr_tree_explainer" "qshap_loss" "qshapr::qshap_rsq" 
".Call" "loss_treeshap" "qshap_loss_xgboost" "qshap_loss.qshapr_tree_explainer" "qshap_loss" "qshapr::qshap_rsq" 
".Call" "loss_treeshap" "qshap_loss_xgboost" "qshap_loss.qshapr_tree_explainer" "qshap_loss" "qshapr::qshap_rsq" 
"parse_string" "parseJSON" "parse_and_simplify" "jsonlite::fromJSON" "predict.xgb.Booster" "predict" "qshap_loss_xgboost" "qshap_loss.qshapr_tree_explainer" "qshap_loss" "qshapr::qshap_rsq" 
"parse_string" "parseJSON" "parse_and_simplify" "jsonlite::fromJSON" "predict.xgb.Booster" "predict" "qshap_loss_xgboost" "qshap_loss.qshapr_tree_explainer" "qshap_loss" "qshapr::qshap_rsq" 
"predict.xgb.Booster" "predict" "qshap_loss_xgboost" "qshap_loss.qshapr_tree_explainer" "qshap_loss" "qshapr::qshap_rsq" 
"predict.xgb.Booster" "predict" "qshap_loss_xgboost" "qshap_loss.qshapr_tree_explainer" "qshap_loss" "qshapr::qshap_rsq" 
"getClassDef" "is" ".local" "FUN" "FUN" "vapply" ".local" "asJSON" "asJSON" "jsonlite::toJSON" "predict.xgb.Booster" "predict" "qshap_loss_xgboost" "qshap_loss.qshapr_tree_explainer" "qshap_loss" "qshapr::qshap_rsq" 
"predict.xgb.Booster" "predict" "qshap_loss_xgboost" "qshap_loss.qshapr_tree_explainer" "qshap_loss" "qshapr::qshap_rsq" 
".Call" "loss_treeshap" "qshap_loss_xgboost" "qshap_loss.qshapr_tree_explainer" "qshap_loss" "qshapr::qshap_rsq" 
".Call" "loss_treeshap" "qshap_loss_xgboost" "qshap_loss.qshapr_tree_explainer" "qshap_loss" "qshapr::qshap_rsq" 
".Call" "loss_treeshap" "qshap_loss_xgboost" "qshap_loss.qshapr_tree_explainer" "qshap_loss" "qshapr::qshap_rsq" 
".Call" "loss_treeshap" "qshap_loss_xgboost" "qshap_loss.qshapr_tree_explainer" "qshap_loss" "qshapr::qshap_rsq" 
".Call" "loss_treeshap" "qshap_loss_xgboost" "qshap_loss.qshapr_tree_explainer" "qshap_loss" "qshapr::qshap_rsq" 
".Call" "loss_treeshap" "qshap_loss_xgboost" "qshap_loss.qshapr_tree_explainer" "qshap_loss" "qshapr::qshap_rsq" 
".Call" "loss_treeshap" "qshap_loss_xgboost" "qshap_loss.qshapr_tree_explainer" "qshap_loss" "qshapr::qshap_rsq" 
".Call" "loss_treeshap" "qshap_loss_xgboost" "qshap_loss.qshapr_tree_explainer" "qshap_loss" "qshapr::qshap_rsq" 
".Call" "loss_treeshap" "qshap_loss_xgboost" "qshap_loss.qshapr_tree_explainer" "qshap_loss" "qshapr::qshap_rsq" 
".Call" "loss_treeshap" "qshap_loss_xgboost" "qshap_loss.qshapr_tree_explainer" "qshap_loss" "qshapr::qshap_rsq" 
".Call" "loss_treeshap" "qshap_loss_xgboost" "qshap_loss.qshapr_tree_explainer" "qshap_loss" "qshapr::qshap_rsq" 
".Call" "loss_treeshap" "qshap_loss_xgboost" "qshap_loss.qshapr_tree_explainer" "qshap_loss" "qshapr::qshap_rsq" 
".Call" "loss_treeshap" "qshap_loss_xgboost" "qshap_loss.qshapr_tree_explainer" "qshap_loss" "qshapr::qshap_rsq" 
".Call" "loss_treeshap" "qshap_loss_xgboost" "qshap_loss.qshapr_tree_explainer" "qshap_loss" "qshapr::qshap_rsq" 
".Call" "loss_treeshap" "qshap_loss_xgboost" "qshap_loss.qshapr_tree_explainer" "qshap_loss" "qshapr::qshap_rsq" 
".Call" "loss_treeshap" "qshap_loss_xgboost" "qshap_loss.qshapr_tree_explainer" "qshap_loss" "qshapr::qshap_rsq" 
".Call" "loss_treeshap" "qshap_loss_xgboost" "qshap_loss.qshapr_tree_explainer" "qshap_loss" "qshapr::qshap_rsq" 
".Call" "loss_treeshap" "qshap_loss_xgboost" "qshap_loss.qshapr_tree_explainer" "qshap_loss" "qshapr::qshap_rsq" 
".Call" "loss_treeshap" "qshap_loss_xgboost" "qshap_loss.qshapr_tree_explainer" "qshap_loss" "qshapr::qshap_rsq" 
".Call" "loss_treeshap" "qshap_loss_xgboost" "qshap_loss.qshapr_tree_explainer" "qshap_loss" "qshapr::qshap_rsq" 
".Call" "loss_treeshap" "qshap_loss_xgboost" "qshap_loss.qshapr_tree_explainer" "qshap_loss" "qshapr::qshap_rsq" 
".Call" "loss_treeshap" "qshap_loss_xgboost" "qshap_loss.qshapr_tree_explainer" "qshap_loss" "qshapr::qshap_rsq" 
".Call" "loss_treeshap" "qshap_loss_xgboost" "qshap_loss.qshapr_tree_explainer" "qshap_loss" "qshapr::qshap_rsq" 
".Call" "loss_treeshap" "qshap_loss_xgboost" "qshap_loss.qshapr_tree_explainer" "qshap_loss" "qshapr::qshap_rsq" 
".Call" "loss_treeshap" "qshap_loss_xgboost" "qshap_loss.qshapr_tree_explainer" "qshap_loss" "qshapr::qshap_rsq" 
".Call" "loss_treeshap" "qshap_loss_xgboost" "qshap_loss.qshapr_tree_explainer" "qshap_loss" "qshapr::qshap_rsq" 
".Call" "loss_treeshap" "qshap_loss_xgboost" "qshap_loss.qshapr_tree_explainer" "qshap_loss" "qshapr::qshap_rsq" 
".Call" "loss_treeshap" "qshap_loss_xgboost" "qshap_loss.qshapr_tree_explainer" "qshap_loss" "qshapr::qshap_rsq" 
".Call" "loss_treeshap" "qshap_loss_xgboost" "qshap_loss.qshapr_tree_explainer" "qshap_loss" "qshapr::qshap_rsq" 
".Call" "loss_treeshap" "qshap_loss_xgboost" "qshap_loss.qshapr_tree_explainer" "qshap_loss" "qshapr::qshap_rsq" 
".Call" "loss_treeshap" "qshap_loss_xgboost" "qshap_loss.qshapr_tree_explainer" "qshap_loss" "qshapr::qshap_rsq" 
".Call" "loss_treeshap" "qshap_loss_xgboost" "qshap_loss.qshapr_tree_explainer" "qshap_loss" "qshapr::qshap_rsq" 
".Call" "loss_treeshap" "qshap_loss_xgboost" "qshap_loss.qshapr_tree_explainer" "qshap_loss" "qshapr::qshap_rsq" 
".Call" "loss_treeshap" "qshap_loss_xgboost" "qshap_loss.qshapr_tree_explainer" "qshap_loss" "qshapr::qshap_rsq" 
".Call" "loss_treeshap" "qshap_loss_xgboost" "qshap_loss.qshapr_tree_explainer" "qshap_loss" "qshapr::qshap_rsq" 
".Call" "loss_treeshap" "qshap_loss_xgboost" "qshap_loss.qshapr_tree_explainer" "qshap_loss" "qshapr::qshap_rsq" 
".Call" "loss_treeshap" "qshap_loss_xgboost" "qshap_loss.qshapr_tree_explainer" "qshap_loss" "qshapr::qshap_rsq" 
".Call" "loss_treeshap" "qshap_loss_xgboost" "qshap_loss.qshapr_tree_explainer" "qshap_loss" "qshapr::qshap_rsq" 
".Call" "loss_treeshap" "qshap_loss_xgboost" "qshap_loss.qshapr_tree_explainer" "qshap_loss" "qshapr::qshap_rsq" 
".Call" "loss_treeshap" "qshap_loss_xgboost" "qshap_loss.qshapr_tree_explainer" "qshap_loss" "qshapr::qshap_rsq" 
".Call" "loss_treeshap" "qshap_loss_xgboost" "qshap_loss.qshapr_tree_explainer" "qshap_loss" "qshapr::qshap_rsq" 
".Call" "loss_treeshap" "qshap_loss_xgboost" "qshap_loss.qshapr_tree_explainer" "qshap_loss" "qshapr::qshap_rsq" 
".Call" "loss_treeshap" "qshap_loss_xgboost" "qshap_loss.qshapr_tree_explainer" "qshap_loss" "qshapr::qshap_rsq" 
".Call" "loss_treeshap" "qshap_loss_xgboost" "qshap_loss.qshapr_tree_explainer" "qshap_loss" "qshapr::qshap_rsq" 
".Call" "loss_treeshap" "qshap_loss_xgboost" "qshap_loss.qshapr_tree_explainer" "qshap_loss" "qshapr::qshap_rsq" 
".Call" "loss_treeshap" "qshap_loss_xgboost" "qshap_loss.qshapr_tree_explainer" "qshap_loss" "qshapr::qshap_rsq" 
".Call" "loss_treeshap" "qshap_loss_xgboost" "qshap_loss.qshapr_tree_explainer" "qshap_loss" "qshapr::qshap_rsq" 
".Call" "loss_treeshap" "qshap_loss_xgboost" "qshap_loss.qshapr_tree_explainer" "qshap_loss" "qshapr::qshap_rsq" 
".Call" "loss_treeshap" "qshap_loss_xgboost" "qshap_loss.qshapr_tree_explainer" "qshap_loss" "qshapr::qshap_rsq" 
".Call" "loss_treeshap" "qshap_loss_xgboost" "qshap_loss.qshapr_tree_explainer" "qshap_loss" "qshapr::qshap_rsq" 
".Call" "loss_treeshap" "qshap_loss_xgboost" "qshap_loss.qshapr_tree_explainer" "qshap_loss" "qshapr::qshap_rsq" 
".Call" "loss_treeshap" "qshap_loss_xgboost" "qshap_loss.qshapr_tree_explainer" "qshap_loss" "qshapr::qshap_rsq" 
".Call" "loss_treeshap" "qshap_loss_xgboost" "qshap_loss.qshapr_tree_explainer" "qshap_loss" "qshapr::qshap_rsq" 
".Call" "loss_treeshap" "qshap_loss_xgboost" "qshap_loss.qshapr_tree_explainer" "qshap_loss" "qshapr::qshap_rsq" 
".Call" "loss_treeshap" "qshap_loss_xgboost" "qshap_loss.qshapr_tree_explainer" "qshap_loss" "qshapr::qshap_rsq" 
".Call" "loss_treeshap" "qshap_loss_xgboost" "qshap_loss.qshapr_tree_explainer" "qshap_loss" "qshapr::qshap_rsq" 
".Call" "loss_treeshap" "qshap_loss_xgboost" "qshap_loss.qshapr_tree_explainer" "qshap_loss" "qshapr::qshap_rsq" 
".Call" "loss_treeshap" "qshap_loss_xgboost" "qshap_loss.qshapr_tree_explainer" "qshap_loss" "qshapr::qshap_rsq" 
".Call" "loss_treeshap" "qshap_loss_xgboost" "qshap_loss.qshapr_tree_explainer" "qshap_loss" "qshapr::qshap_rsq" 
".Call" "loss_treeshap" "qshap_loss_xgboost" "qshap_loss.qshapr_tree_explainer" "qshap_loss" "qshapr::qshap_rsq" 
".Call" "loss_treeshap" "qshap_loss_xgboost" "qshap_loss.qshapr_tree_explainer" "qshap_loss" "qshapr::qshap_rsq" 
".Call" "loss_treeshap" "qshap_loss_xgboost" "qshap_loss.qshapr_tree_explainer" "qshap_loss" "qshapr::qshap_rsq" 
".Call" "loss_treeshap" "qshap_loss_xgboost" "qshap_loss.qshapr_tree_explainer" "qshap_loss" "qshapr::qshap_rsq" 
"parse_string" "parseJSON" "parse_and_simplify" "jsonlite::fromJSON" "predict.xgb.Booster" "predict" "qshap_loss_xgboost" "qshap_loss.qshapr_tree_explainer" "qshap_loss" "qshapr::qshap_rsq" 
"parse_and_simplify" "jsonlite::fromJSON" "predict.xgb.Booster" "predict" "qshap_loss_xgboost" "qshap_loss.qshapr_tree_explainer" "qshap_loss" "qshapr::qshap_rsq" 
"predict.xgb.Booster" "predict" "qshap_loss_xgboost" "qshap_loss.qshapr_tree_explainer" "qshap_loss" "qshapr::qshap_rsq" 
"topenv" "getPackageName" "isTRUE" "getClassDef" "is" ".local" "FUN" "FUN" "vapply" ".local" "asJSON" "asJSON" "jsonlite::toJSON" "predict.xgb.Booster" "predict" "qshap_loss_xgboost" "qshap_loss.qshapr_tree_explainer" "qshap_loss" "qshapr::qshap_rsq" 
"predict.xgb.Booster" "predict" "qshap_loss_xgboost" "qshap_loss.qshapr_tree_explainer" "qshap_loss" "qshapr::qshap_rsq" 
"qshap_loss_xgboost" "qshap_loss.qshapr_tree_explainer" "qshap_loss" "qshapr::qshap_rsq" 
".Call" "loss_treeshap" "qshap_loss_xgboost" "qshap_loss.qshapr_tree_explainer" "qshap_loss" "qshapr::qshap_rsq" 
".Call" "loss_treeshap" "qshap_loss_xgboost" "qshap_loss.qshapr_tree_explainer" "qshap_loss" "qshapr::qshap_rsq" 
".Call" "loss_treeshap" "qshap_loss_xgboost" "qshap_loss.qshapr_tree_explainer" "qshap_loss" "qshapr::qshap_rsq" 
".Call" "loss_treeshap" "qshap_loss_xgboost" "qshap_loss.qshapr_tree_explainer" "qshap_loss" "qshapr::qshap_rsq" 
".Call" "loss_treeshap" "qshap_loss_xgboost" "qshap_loss.qshapr_tree_explainer" "qshap_loss" "qshapr::qshap_rsq" 
".Call" "loss_treeshap" "qshap_loss_xgboost" "qshap_loss.qshapr_tree_explainer" "qshap_loss" "qshapr::qshap_rsq" 
".Call" "loss_treeshap" "qshap_loss_xgboost" "qshap_loss.qshapr_tree_explainer" "qshap_loss" "qshapr::qshap_rsq" 
".Call" "loss_treeshap" "qshap_loss_xgboost" "qshap_loss.qshapr_tree_explainer" "qshap_loss" "qshapr::qshap_rsq" 
".Call" "loss_treeshap" "qshap_loss_xgboost" "qshap_loss.qshapr_tree_explainer" "qshap_loss" "qshapr::qshap_rsq" 
".Call" "loss_treeshap" "qshap_loss_xgboost" "qshap_loss.qshapr_tree_explainer" "qshap_loss" "qshapr::qshap_rsq" 
".Call" "loss_treeshap" "qshap_loss_xgboost" "qshap_loss.qshapr_tree_explainer" "qshap_loss" "qshapr::qshap_rsq" 
".Call" "loss_treeshap" "qshap_loss_xgboost" "qshap_loss.qshapr_tree_explainer" "qshap_loss" "qshapr::qshap_rsq" 
".Call" "loss_treeshap" "qshap_loss_xgboost" "qshap_loss.qshapr_tree_explainer" "qshap_loss" "qshapr::qshap_rsq" 
".Call" "loss_treeshap" "qshap_loss_xgboost" "qshap_loss.qshapr_tree_explainer" "qshap_loss" "qshapr::qshap_rsq" 
".Call" "loss_treeshap" "qshap_loss_xgboost" "qshap_loss.qshapr_tree_explainer" "qshap_loss" "qshapr::qshap_rsq" 
".Call" "loss_treeshap" "qshap_loss_xgboost" "qshap_loss.qshapr_tree_explainer" "qshap_loss" "qshapr::qshap_rsq" 
".Call" "loss_treeshap" "qshap_loss_xgboost" "qshap_loss.qshapr_tree_explainer" "qshap_loss" "qshapr::qshap_rsq" 
".Call" "loss_treeshap" "qshap_loss_xgboost" "qshap_loss.qshapr_tree_explainer" "qshap_loss" "qshapr::qshap_rsq" 
".Call" "loss_treeshap" "qshap_loss_xgboost" "qshap_loss.qshapr_tree_explainer" "qshap_loss" "qshapr::qshap_rsq" 
".Call" "loss_treeshap" "qshap_loss_xgboost" "qshap_loss.qshapr_tree_explainer" "qshap_loss" "qshapr::qshap_rsq" 
".Call" "loss_treeshap" "qshap_loss_xgboost" "qshap_loss.qshapr_tree_explainer" "qshap_loss" "qshapr::qshap_rsq" 
".Call" "loss_treeshap" "qshap_loss_xgboost" "qshap_loss.qshapr_tree_explainer" "qshap_loss" "qshapr::qshap_rsq" 
".Call" "loss_treeshap" "qshap_loss_xgboost" "qshap_loss.qshapr_tree_explainer" "qshap_loss" "qshapr::qshap_rsq" 
".Call" "loss_treeshap" "qshap_loss_xgboost" "qshap_loss.qshapr_tree_explainer" "qshap_loss" "qshapr::qshap_rsq" 
".Call" "loss_treeshap" "qshap_loss_xgboost" "qshap_loss.qshapr_tree_explainer" "qshap_loss" "qshapr::qshap_rsq" 
".Call" "loss_treeshap" "qshap_loss_xgboost" "qshap_loss.qshapr_tree_explainer" "qshap_loss" "qshapr::qshap_rsq" 
".Call" "loss_treeshap" "qshap_loss_xgboost" "qshap_loss.qshapr_tree_explainer" "qshap_loss" "qshapr::qshap_rsq" 
".Call" "loss_treeshap" "qshap_loss_xgboost" "qshap_loss.qshapr_tree_explainer" "qshap_loss" "qshapr::qshap_rsq" 
".Call" "loss_treeshap" "qshap_loss_xgboost" "qshap_loss.qshapr_tree_explainer" "qshap_loss" "qshapr::qshap_rsq" 
".Call" "loss_treeshap" "qshap_loss_xgboost" "qshap_loss.qshapr_tree_explainer" "qshap_loss" "qshapr::qshap_rsq" 
".Call" "loss_treeshap" "qshap_loss_xgboost" "qshap_loss.qshapr_tree_explainer" "qshap_loss" "qshapr::qshap_rsq" 
".Call" "loss_treeshap" "qshap_loss_xgboost" "qshap_loss.qshapr_tree_explainer" "qshap_loss" "qshapr::qshap_rsq" 
".Call" "loss_treeshap" "qshap_loss_xgboost" "qshap_loss.qshapr_tree_explainer" "qshap_loss" "qshapr::qshap_rsq" 
".Call" "loss_treeshap" "qshap_loss_xgboost" "qshap_loss.qshapr_tree_explainer" "qshap_loss" "qshapr::qshap_rsq" 
".Call" "loss_treeshap" "qshap_loss_xgboost" "qshap_loss.qshapr_tree_explainer" "qshap_loss" "qshapr::qshap_rsq" 
".Call" "loss_treeshap" "qshap_loss_xgboost" "qshap_loss.qshapr_tree_explainer" "qshap_loss" "qshapr::qshap_rsq" 
".Call" "loss_treeshap" "qshap_loss_xgboost" "qshap_loss.qshapr_tree_explainer" "qshap_loss" "qshapr::qshap_rsq" 
".Call" "loss_treeshap" "qshap_loss_xgboost" "qshap_loss.qshapr_tree_explainer" "qshap_loss" "qshapr::qshap_rsq" 
".Call" "loss_treeshap" "qshap_loss_xgboost" "qshap_loss.qshapr_tree_explainer" "qshap_loss" "qshapr::qshap_rsq" 
".Call" "loss_treeshap" "qshap_loss_xgboost" "qshap_loss.qshapr_tree_explainer" "qshap_loss" "qshapr::qshap_rsq" 
".Call" "loss_treeshap" "qshap_loss_xgboost" "qshap_loss.qshapr_tree_explainer" "qshap_loss" "qshapr::qshap_rsq" 
".Call" "loss_treeshap" "qshap_loss_xgboost" "qshap_loss.qshapr_tree_explainer" "qshap_loss" "qshapr::qshap_rsq" 
".Call" "loss_treeshap" "qshap_loss_xgboost" "qshap_loss.qshapr_tree_explainer" "qshap_loss" "qshapr::qshap_rsq" 
".Call" "loss_treeshap" "qshap_loss_xgboost" "qshap_loss.qshapr_tree_explainer" "qshap_loss" "qshapr::qshap_rsq" 
".Call" "loss_treeshap" "qshap_loss_xgboost" "qshap_loss.qshapr_tree_explainer" "qshap_loss" "qshapr::qshap_rsq" 
".Call" "loss_treeshap" "qshap_loss_xgboost" "qshap_loss.qshapr_tree_explainer" "qshap_loss" "qshapr::qshap_rsq" 
".Call" "loss_treeshap" "qshap_loss_xgboost" "qshap_loss.qshapr_tree_explainer" "qshap_loss" "qshapr::qshap_rsq" 
".Call" "loss_treeshap" "qshap_loss_xgboost" "qshap_loss.qshapr_tree_explainer" "qshap_loss" "qshapr::qshap_rsq" 
".Call" "loss_treeshap" "qshap_loss_xgboost" "qshap_loss.qshapr_tree_explainer" "qshap_loss" "qshapr::qshap_rsq" 
".Call" "loss_treeshap" "qshap_loss_xgboost" "qshap_loss.qshapr_tree_explainer" "qshap_loss" "qshapr::qshap_rsq" 
".Call" "loss_treeshap" "qshap_loss_xgboost" "qshap_loss.qshapr_tree_explainer" "qshap_loss" "qshapr::qshap_rsq" 
".Call" "loss_treeshap" "qshap_loss_xgboost" "qshap_loss.qshapr_tree_explainer" "qshap_loss" "qshapr::qshap_rsq" 
".Call" "loss_treeshap" "qshap_loss_xgboost" "qshap_loss.qshapr_tree_explainer" "qshap_loss" "qshapr::qshap_rsq" 
".Call" "loss_treeshap" "qshap_loss_xgboost" "qshap_loss.qshapr_tree_explainer" "qshap_loss" "qshapr::qshap_rsq" 
".Call" "loss_treeshap" "qshap_loss_xgboost" "qshap_loss.qshapr_tree_explainer" "qshap_loss" "qshapr::qshap_rsq" 
".Call" "loss_treeshap" "qshap_loss_xgboost" "qshap_loss.qshapr_tree_explainer" "qshap_loss" "qshapr::qshap_rsq" 
".Call" "loss_treeshap" "qshap_loss_xgboost" "qshap_loss.qshapr_tree_explainer" "qshap_loss" "qshapr::qshap_rsq" 
".Call" "loss_treeshap" "qshap_loss_xgboost" "qshap_loss.qshapr_tree_explainer" "qshap_loss" "qshapr::qshap_rsq" 
".Call" "loss_treeshap" "qshap_loss_xgboost" "qshap_loss.qshapr_tree_explainer" "qshap_loss" "qshapr::qshap_rsq" 
".Call" "loss_treeshap" "qshap_loss_xgboost" "qshap_loss.qshapr_tree_explainer" "qshap_loss" "qshapr::qshap_rsq" 
".Call" "loss_treeshap" "qshap_loss_xgboost" "qshap_loss.qshapr_tree_explainer" "qshap_loss" "qshapr::qshap_rsq" 
".Call" "loss_treeshap" "qshap_loss_xgboost" "qshap_loss.qshapr_tree_explainer" "qshap_loss" "qshapr::qshap_rsq" 
".Call" "loss_treeshap" "qshap_loss_xgboost" "qshap_loss.qshapr_tree_explainer" "qshap_loss" "qshapr::qshap_rsq" 
".Call" "loss_treeshap" "qshap_loss_xgboost" "qshap_loss.qshapr_tree_explainer" "qshap_loss" "qshapr::qshap_rsq" 
".Call" "loss_treeshap" "qshap_loss_xgboost" "qshap_loss.qshapr_tree_explainer" "qshap_loss" "qshapr::qshap_rsq" 
".Call" "loss_treeshap" "qshap_loss_xgboost" "qshap_loss.qshapr_tree_explainer" "qshap_loss" "qshapr::qshap_rsq" 
".Call" "loss_treeshap" "qshap_loss_xgboost" "qshap_loss.qshapr_tree_explainer" "qshap_loss" "qshapr::qshap_rsq" 
".Call" "loss_treeshap" "qshap_loss_xgboost" "qshap_loss.qshapr_tree_explainer" "qshap_loss" "qshapr::qshap_rsq" 
".Call" "loss_treeshap" "qshap_loss_xgboost" "qshap_loss.qshapr_tree_explainer" "qshap_loss" "qshapr::qshap_rsq" 
".Call" "loss_treeshap" "qshap_loss_xgboost" "qshap_loss.qshapr_tree_explainer" "qshap_loss" "qshapr::qshap_rsq" 
".Call" "loss_treeshap" "qshap_loss_xgboost" "qshap_loss.qshapr_tree_explainer" "qshap_loss" "qshapr::qshap_rsq" 
".Call" "loss_treeshap" "qshap_loss_xgboost" "qshap_loss.qshapr_tree_explainer" "qshap_loss" "qshapr::qshap_rsq" 
".Call" "loss_treeshap" "qshap_loss_xgboost" "qshap_loss.qshapr_tree_explainer" "qshap_loss" "qshapr::qshap_rsq" 
".Call" "loss_treeshap" "qshap_loss_xgboost" "qshap_loss.qshapr_tree_explainer" "qshap_loss" "qshapr::qshap_rsq" 
".Call" "loss_treeshap" "qshap_loss_xgboost" "qshap_loss.qshapr_tree_explainer" "qshap_loss" "qshapr::qshap_rsq" 
".requirePackage" ".classDefEnv" "getClassDef" "is" ".local" "FUN" "FUN" "vapply" ".local" "asJSON" "asJSON" "jsonlite::toJSON" "predict.xgb.Booster" "predict" "qshap_loss_xgboost" "qshap_loss.qshapr_tree_explainer" "qshap_loss" "qshapr::qshap_rsq" 
"nzchar" "isTRUE" "getClassDef" "is" ".local" "FUN" "FUN" "vapply" ".local" "asJSON" "asJSON" "jsonlite::toJSON" "predict.xgb.Booster" "predict" "qshap_loss_xgboost" "qshap_loss.qshapr_tree_explainer" "qshap_loss" "qshapr::qshap_rsq" 
"predict.xgb.Booster" "predict" "qshap_loss_xgboost" "qshap_loss.qshapr_tree_explainer" "qshap_loss" "qshapr::qshap_rsq" 
"matrix" "predict.xgb.Booster" "predict" "qshap_loss_xgboost" "qshap_loss.qshapr_tree_explainer" "qshap_loss" "qshapr::qshap_rsq" 
".requirePackage" ".classDefEnv" "getClassDef" "is" "num_to_char" ".local" "FUN" "FUN" "vapply" ".local" "asJSON" "asJSON" "jsonlite::toJSON" "predict.xgb.Booster" "predict" "qshap_loss_xgboost" "qshap_loss.qshapr_tree_explainer" "qshap_loss" "qshapr::qshap_rsq" 
"predict.xgb.Booster" "predict" "qshap_loss_xgboost" "qshap_loss.qshapr_tree_explainer" "qshap_loss" "qshapr::qshap_rsq" 
"predict.xgb.Booster" "predict" "qshap_loss_xgboost" "qshap_loss.qshapr_tree_explainer" "qshap_loss" "qshapr::qshap_rsq" 
".Call" "loss_treeshap" "qshap_loss_xgboost" "qshap_loss.qshapr_tree_explainer" "qshap_loss" "qshapr::qshap_rsq" 
".Call" "loss_treeshap" "qshap_loss_xgboost" "qshap_loss.qshapr_tree_explainer" "qshap_loss" "qshapr::qshap_rsq" 
".Call" "loss_treeshap" "qshap_loss_xgboost" "qshap_loss.qshapr_tree_explainer" "qshap_loss" "qshapr::qshap_rsq" 
".Call" "loss_treeshap" "qshap_loss_xgboost" "qshap_loss.qshapr_tree_explainer" "qshap_loss" "qshapr::qshap_rsq" 
".Call" "loss_treeshap" "qshap_loss_xgboost" "qshap_loss.qshapr_tree_explainer" "qshap_loss" "qshapr::qshap_rsq" 
".Call" "loss_treeshap" "qshap_loss_xgboost" "qshap_loss.qshapr_tree_explainer" "qshap_loss" "qshapr::qshap_rsq" 
".Call" "loss_treeshap" "qshap_loss_xgboost" "qshap_loss.qshapr_tree_explainer" "qshap_loss" "qshapr::qshap_rsq" 
".Call" "loss_treeshap" "qshap_loss_xgboost" "qshap_loss.qshapr_tree_explainer" "qshap_loss" "qshapr::qshap_rsq" 
".Call" "loss_treeshap" "qshap_loss_xgboost" "qshap_loss.qshapr_tree_explainer" "qshap_loss" "qshapr::qshap_rsq" 
".Call" "loss_treeshap" "qshap_loss_xgboost" "qshap_loss.qshapr_tree_explainer" "qshap_loss" "qshapr::qshap_rsq" 
".Call" "loss_treeshap" "qshap_loss_xgboost" "qshap_loss.qshapr_tree_explainer" "qshap_loss" "qshapr::qshap_rsq" 
".Call" "loss_treeshap" "qshap_loss_xgboost" "qshap_loss.qshapr_tree_explainer" "qshap_loss" "qshapr::qshap_rsq" 
".Call" "loss_treeshap" "qshap_loss_xgboost" "qshap_loss.qshapr_tree_explainer" "qshap_loss" "qshapr::qshap_rsq" 
".Call" "loss_treeshap" "qshap_loss_xgboost" "qshap_loss.qshapr_tree_explainer" "qshap_loss" "qshapr::qshap_rsq" 
".Call" "loss_treeshap" "qshap_loss_xgboost" "qshap_loss.qshapr_tree_explainer" "qshap_loss" "qshapr::qshap_rsq" 
".Call" "loss_treeshap" "qshap_loss_xgboost" "qshap_loss.qshapr_tree_explainer" "qshap_loss" "qshapr::qshap_rsq" 
".Call" "loss_treeshap" "qshap_loss_xgboost" "qshap_loss.qshapr_tree_explainer" "qshap_loss" "qshapr::qshap_rsq" 
".Call" "loss_treeshap" "qshap_loss_xgboost" "qshap_loss.qshapr_tree_explainer" "qshap_loss" "qshapr::qshap_rsq" 
".Call" "loss_treeshap" "qshap_loss_xgboost" "qshap_loss.qshapr_tree_explainer" "qshap_loss" "qshapr::qshap_rsq" 
".Call" "loss_treeshap" "qshap_loss_xgboost" "qshap_loss.qshapr_tree_explainer" "qshap_loss" "qshapr::qshap_rsq" 
".Call" "loss_treeshap" "qshap_loss_xgboost" "qshap_loss.qshapr_tree_explainer" "qshap_loss" "qshapr::qshap_rsq" 
".Call" "loss_treeshap" "qshap_loss_xgboost" "qshap_loss.qshapr_tree_explainer" "qshap_loss" "qshapr::qshap_rsq" 
".Call" "loss_treeshap" "qshap_loss_xgboost" "qshap_loss.qshapr_tree_explainer" "qshap_loss" "qshapr::qshap_rsq" 
".Call" "loss_treeshap" "qshap_loss_xgboost" "qshap_loss.qshapr_tree_explainer" "qshap_loss" "qshapr::qshap_rsq" 
".Call" "loss_treeshap" "qshap_loss_xgboost" "qshap_loss.qshapr_tree_explainer" "qshap_loss" "qshapr::qshap_rsq" 
".Call" "loss_treeshap" "qshap_loss_xgboost" "qshap_loss.qshapr_tree_explainer" "qshap_loss" "qshapr::qshap_rsq" 
".Call" "loss_treeshap" "qshap_loss_xgboost" "qshap_loss.qshapr_tree_explainer" "qshap_loss" "qshapr::qshap_rsq" 
".Call" "loss_treeshap" "qshap_loss_xgboost" "qshap_loss.qshapr_tree_explainer" "qshap_loss" "qshapr::qshap_rsq" 
".Call" "loss_treeshap" "qshap_loss_xgboost" "qshap_loss.qshapr_tree_explainer" "qshap_loss" "qshapr::qshap_rsq" 
".Call" "loss_treeshap" "qshap_loss_xgboost" "qshap_loss.qshapr_tree_explainer" "qshap_loss" "qshapr::qshap_rsq" 
".Call" "loss_treeshap" "qshap_loss_xgboost" "qshap_loss.qshapr_tree_explainer" "qshap_loss" "qshapr::qshap_rsq" 
".Call" "loss_treeshap" "qshap_loss_xgboost" "qshap_loss.qshapr_tree_explainer" "qshap_loss" "qshapr::qshap_rsq" 
".Call" "loss_treeshap" "qshap_loss_xgboost" "qshap_loss.qshapr_tree_explainer" "qshap_loss" "qshapr::qshap_rsq" 
".Call" "loss_treeshap" "qshap_loss_xgboost" "qshap_loss.qshapr_tree_explainer" "qshap_loss" "qshapr::qshap_rsq" 
".Call" "loss_treeshap" "qshap_loss_xgboost" "qshap_loss.qshapr_tree_explainer" "qshap_loss" "qshapr::qshap_rsq" 
".Call" "loss_treeshap" "qshap_loss_xgboost" "qshap_loss.qshapr_tree_explainer" "qshap_loss" "qshapr::qshap_rsq" 
".Call" "loss_treeshap" "qshap_loss_xgboost" "qshap_loss.qshapr_tree_explainer" "qshap_loss" "qshapr::qshap_rsq" 
".Call" "loss_treeshap" "qshap_loss_xgboost" "qshap_loss.qshapr_tree_explainer" "qshap_loss" "qshapr::qshap_rsq" 
".Call" "loss_treeshap" "qshap_loss_xgboost" "qshap_loss.qshapr_tree_explainer" "qshap_loss" "qshapr::qshap_rsq" 
".Call" "loss_treeshap" "qshap_loss_xgboost" "qshap_loss.qshapr_tree_explainer" "qshap_loss" "qshapr::qshap_rsq" 
".Call" "loss_treeshap" "qshap_loss_xgboost" "qshap_loss.qshapr_tree_explainer" "qshap_loss" "qshapr::qshap_rsq" 
".Call" "loss_treeshap" "qshap_loss_xgboost" "qshap_loss.qshapr_tree_explainer" "qshap_loss" "qshapr::qshap_rsq" 
".Call" "loss_treeshap" "qshap_loss_xgboost" "qshap_loss.qshapr_tree_explainer" "qshap_loss" "qshapr::qshap_rsq" 
".Call" "loss_treeshap" "qshap_loss_xgboost" "qshap_loss.qshapr_tree_explainer" "qshap_loss" "qshapr::qshap_rsq" 
".Call" "loss_treeshap" "qshap_loss_xgboost" "qshap_loss.qshapr_tree_explainer" "qshap_loss" "qshapr::qshap_rsq" 
".Call" "loss_treeshap" "qshap_loss_xgboost" "qshap_loss.qshapr_tree_explainer" "qshap_loss" "qshapr::qshap_rsq" 
".Call" "loss_treeshap" "qshap_loss_xgboost" "qshap_loss.qshapr_tree_explainer" "qshap_loss" "qshapr::qshap_rsq" 
".Call" "loss_treeshap" "qshap_loss_xgboost" "qshap_loss.qshapr_tree_explainer" "qshap_loss" "qshapr::qshap_rsq" 
".Call" "loss_treeshap" "qshap_loss_xgboost" "qshap_loss.qshapr_tree_explainer" "qshap_loss" "qshapr::qshap_rsq" 
".Call" "loss_treeshap" "qshap_loss_xgboost" "qshap_loss.qshapr_tree_explainer" "qshap_loss" "qshapr::qshap_rsq" 
".Call" "loss_treeshap" "qshap_loss_xgboost" "qshap_loss.qshapr_tree_explainer" "qshap_loss" "qshapr::qshap_rsq" 
".Call" "loss_treeshap" "qshap_loss_xgboost" "qshap_loss.qshapr_tree_explainer" "qshap_loss" "qshapr::qshap_rsq" 
".Call" "loss_treeshap" "qshap_loss_xgboost" "qshap_loss.qshapr_tree_explainer" "qshap_loss" "qshapr::qshap_rsq" 
".Call" "loss_treeshap" "qshap_loss_xgboost" "qshap_loss.qshapr_tree_explainer" "qshap_loss" "qshapr::qshap_rsq" 
".Call" "loss_treeshap" "qshap_loss_xgboost" "qshap_loss.qshapr_tree_explainer" "qshap_loss" "qshapr::qshap_rsq" 
".Call" "loss_treeshap" "qshap_loss_xgboost" "qshap_loss.qshapr_tree_explainer" "qshap_loss" "qshapr::qshap_rsq" 
".Call" "loss_treeshap" "qshap_loss_xgboost" "qshap_loss.qshapr_tree_explainer" "qshap_loss" "qshapr::qshap_rsq" 
".Call" "loss_treeshap" "qshap_loss_xgboost" "qshap_loss.qshapr_tree_explainer" "qshap_loss" "qshapr::qshap_rsq" 
".Call" "loss_treeshap" "qshap_loss_xgboost" "qshap_loss.qshapr_tree_explainer" "qshap_loss" "qshapr::qshap_rsq" 
".Call" "loss_treeshap" "qshap_loss_xgboost" "qshap_loss.qshapr_tree_explainer" "qshap_loss" "qshapr::qshap_rsq" 
".Call" "loss_treeshap" "qshap_loss_xgboost" "qshap_loss.qshapr_tree_explainer" "qshap_loss" "qshapr::qshap_rsq" 
".Call" "loss_treeshap" "qshap_loss_xgboost" "qshap_loss.qshapr_tree_explainer" "qshap_loss" "qshapr::qshap_rsq" 
"qshap_loss_xgboost" "qshap_loss.qshapr_tree_explainer" "qshap_loss" "qshapr::qshap_rsq" 
"get0" "getClassDef" "is" "num_to_char" ".local" "FUN" "FUN" "vapply" ".local" "asJSON" "asJSON" "jsonlite::toJSON" "predict.xgb.Booster" "predict" "qshap_loss_xgboost" "qshap_loss.qshapr_tree_explainer" "qshap_loss" "qshapr::qshap_rsq" 
"attr" "packageSlot" "isTRUE" "getClassDef" "is" ".local" "FUN" "FUN" "vapply" ".local" "asJSON" "asJSON" "jsonlite::toJSON" "predict.xgb.Booster" "predict" "qshap_loss_xgboost" "qshap_loss.qshapr_tree_explainer" "qshap_loss" "qshapr::qshap_rsq" 
"predict.xgb.Booster" "predict" "qshap_loss_xgboost" "qshap_loss.qshapr_tree_explainer" "qshap_loss" "qshapr::qshap_rsq" 
"predict.xgb.Booster" "predict" "qshap_loss_xgboost" "qshap_loss.qshapr_tree_explainer" "qshap_loss" "qshapr::qshap_rsq" 
"FUN" "vapply" ".local" "asJSON" "asJSON" "jsonlite::toJSON" "predict.xgb.Booster" "predict" "qshap_loss_xgboost" "qshap_loss.qshapr_tree_explainer" "qshap_loss" "qshapr::qshap_rsq" 
"predict.xgb.Booster" "predict" "qshap_loss_xgboost" "qshap_loss.qshapr_tree_explainer" "qshap_loss" "qshapr::qshap_rsq" 
".Call" "loss_treeshap" "qshap_loss_xgboost" "qshap_loss.qshapr_tree_explainer" "qshap_loss" "qshapr::qshap_rsq" 
".Call" "loss_treeshap" "qshap_loss_xgboost" "qshap_loss.qshapr_tree_explainer" "qshap_loss" "qshapr::qshap_rsq" 
".Call" "loss_treeshap" "qshap_loss_xgboost" "qshap_loss.qshapr_tree_explainer" "qshap_loss" "qshapr::qshap_rsq" 
".Call" "loss_treeshap" "qshap_loss_xgboost" "qshap_loss.qshapr_tree_explainer" "qshap_loss" "qshapr::qshap_rsq" 
".Call" "loss_treeshap" "qshap_loss_xgboost" "qshap_loss.qshapr_tree_explainer" "qshap_loss" "qshapr::qshap_rsq" 
".Call" "loss_treeshap" "qshap_loss_xgboost" "qshap_loss.qshapr_tree_explainer" "qshap_loss" "qshapr::qshap_rsq" 
".Call" "loss_treeshap" "qshap_loss_xgboost" "qshap_loss.qshapr_tree_explainer" "qshap_loss" "qshapr::qshap_rsq" 
".Call" "loss_treeshap" "qshap_loss_xgboost" "qshap_loss.qshapr_tree_explainer" "qshap_loss" "qshapr::qshap_rsq" 
".Call" "loss_treeshap" "qshap_loss_xgboost" "qshap_loss.qshapr_tree_explainer" "qshap_loss" "qshapr::qshap_rsq" 
".Call" "loss_treeshap" "qshap_loss_xgboost" "qshap_loss.qshapr_tree_explainer" "qshap_loss" "qshapr::qshap_rsq" 
".Call" "loss_treeshap" "qshap_loss_xgboost" "qshap_loss.qshapr_tree_explainer" "qshap_loss" "qshapr::qshap_rsq" 
".Call" "loss_treeshap" "qshap_loss_xgboost" "qshap_loss.qshapr_tree_explainer" "qshap_loss" "qshapr::qshap_rsq" 
".Call" "loss_treeshap" "qshap_loss_xgboost" "qshap_loss.qshapr_tree_explainer" "qshap_loss" "qshapr::qshap_rsq" 
".Call" "loss_treeshap" "qshap_loss_xgboost" "qshap_loss.qshapr_tree_explainer" "qshap_loss" "qshapr::qshap_rsq" 
".Call" "loss_treeshap" "qshap_loss_xgboost" "qshap_loss.qshapr_tree_explainer" "qshap_loss" "qshapr::qshap_rsq" 
".Call" "loss_treeshap" "qshap_loss_xgboost" "qshap_loss.qshapr_tree_explainer" "qshap_loss" "qshapr::qshap_rsq" 
".Call" "loss_treeshap" "qshap_loss_xgboost" "qshap_loss.qshapr_tree_explainer" "qshap_loss" "qshapr::qshap_rsq" 
".Call" "loss_treeshap" "qshap_loss_xgboost" "qshap_loss.qshapr_tree_explainer" "qshap_loss" "qshapr::qshap_rsq" 
".Call" "loss_treeshap" "qshap_loss_xgboost" "qshap_loss.qshapr_tree_explainer" "qshap_loss" "qshapr::qshap_rsq" 
".Call" "loss_treeshap" "qshap_loss_xgboost" "qshap_loss.qshapr_tree_explainer" "qshap_loss" "qshapr::qshap_rsq" 
".Call" "loss_treeshap" "qshap_loss_xgboost" "qshap_loss.qshapr_tree_explainer" "qshap_loss" "qshapr::qshap_rsq" 
".Call" "loss_treeshap" "qshap_loss_xgboost" "qshap_loss.qshapr_tree_explainer" "qshap_loss" "qshapr::qshap_rsq" 
".Call" "loss_treeshap" "qshap_loss_xgboost" "qshap_loss.qshapr_tree_explainer" "qshap_loss" "qshapr::qshap_rsq" 
".Call" "loss_treeshap" "qshap_loss_xgboost" "qshap_loss.qshapr_tree_explainer" "qshap_loss" "qshapr::qshap_rsq" 
".Call" "loss_treeshap" "qshap_loss_xgboost" "qshap_loss.qshapr_tree_explainer" "qshap_loss" "qshapr::qshap_rsq" 
".Call" "loss_treeshap" "qshap_loss_xgboost" "qshap_loss.qshapr_tree_explainer" "qshap_loss" "qshapr::qshap_rsq" 
".Call" "loss_treeshap" "qshap_loss_xgboost" "qshap_loss.qshapr_tree_explainer" "qshap_loss" "qshapr::qshap_rsq" 
".Call" "loss_treeshap" "qshap_loss_xgboost" "qshap_loss.qshapr_tree_explainer" "qshap_loss" "qshapr::qshap_rsq" 
".Call" "loss_treeshap" "qshap_loss_xgboost" "qshap_loss.qshapr_tree_explainer" "qshap_loss" "qshapr::qshap_rsq" 
".Call" "loss_treeshap" "qshap_loss_xgboost" "qshap_loss.qshapr_tree_explainer" "qshap_loss" "qshapr::qshap_rsq" 
".Call" "loss_treeshap" "qshap_loss_xgboost" "qshap_loss.qshapr_tree_explainer" "qshap_loss" "qshapr::qshap_rsq" 
".Call" "loss_treeshap" "qshap_loss_xgboost" "qshap_loss.qshapr_tree_explainer" "qshap_loss" "qshapr::qshap_rsq" 
".Call" "loss_treeshap" "qshap_loss_xgboost" "qshap_loss.qshapr_tree_explainer" "qshap_loss" "qshapr::qshap_rsq" 
".Call" "loss_treeshap" "qshap_loss_xgboost" "qshap_loss.qshapr_tree_explainer" "qshap_loss" "qshapr::qshap_rsq" 
".Call" "loss_treeshap" "qshap_loss_xgboost" "qshap_loss.qshapr_tree_explainer" "qshap_loss" "qshapr::qshap_rsq" 
".Call" "loss_treeshap" "qshap_loss_xgboost" "qshap_loss.qshapr_tree_explainer" "qshap_loss" "qshapr::qshap_rsq" 
".Call" "loss_treeshap" "qshap_loss_xgboost" "qshap_loss.qshapr_tree_explainer" "qshap_loss" "qshapr::qshap_rsq" 
".Call" "loss_treeshap" "qshap_loss_xgboost" "qshap_loss.qshapr_tree_explainer" "qshap_loss" "qshapr::qshap_rsq" 
".Call" "loss_treeshap" "qshap_loss_xgboost" "qshap_loss.qshapr_tree_explainer" "qshap_loss" "qshapr::qshap_rsq" 
".Call" "loss_treeshap" "qshap_loss_xgboost" "qshap_loss.qshapr_tree_explainer" "qshap_loss" "qshapr::qshap_rsq" 
".Call" "loss_treeshap" "qshap_loss_xgboost" "qshap_loss.qshapr_tree_explainer" "qshap_loss" "qshapr::qshap_rsq" 
".Call" "loss_treeshap" "qshap_loss_xgboost" "qshap_loss.qshapr_tree_explainer" "qshap_loss" "qshapr::qshap_rsq" 
".Call" "loss_treeshap" "qshap_loss_xgboost" "qshap_loss.qshapr_tree_explainer" "qshap_loss" "qshapr::qshap_rsq" 
".Call" "loss_treeshap" "qshap_loss_xgboost" "qshap_loss.qshapr_tree_explainer" "qshap_loss" "qshapr::qshap_rsq" 
".Call" "loss_treeshap" "qshap_loss_xgboost" "qshap_loss.qshapr_tree_explainer" "qshap_loss" "qshapr::qshap_rsq" 
".Call" "loss_treeshap" "qshap_loss_xgboost" "qshap_loss.qshapr_tree_explainer" "qshap_loss" "qshapr::qshap_rsq" 
".Call" "loss_treeshap" "qshap_loss_xgboost" "qshap_loss.qshapr_tree_explainer" "qshap_loss" "qshapr::qshap_rsq" 
".Call" "loss_treeshap" "qshap_loss_xgboost" "qshap_loss.qshapr_tree_explainer" "qshap_loss" "qshapr::qshap_rsq" 
".Call" "loss_treeshap" "qshap_loss_xgboost" "qshap_loss.qshapr_tree_explainer" "qshap_loss" "qshapr::qshap_rsq" 
".Call" "loss_treeshap" "qshap_loss_xgboost" "qshap_loss.qshapr_tree_explainer" "qshap_loss" "qshapr::qshap_rsq" 
".Call" "loss_treeshap" "qshap_loss_xgboost" "qshap_loss.qshapr_tree_explainer" "qshap_loss" "qshapr::qshap_rsq" 
".Call" "loss_treeshap" "qshap_loss_xgboost" "qshap_loss.qshapr_tree_explainer" "qshap_loss" "qshapr::qshap_rsq" 
".Call" "loss_treeshap" "qshap_loss_xgboost" "qshap_loss.qshapr_tree_explainer" "qshap_loss" "qshapr::qshap_rsq" 
".Call" "loss_treeshap" "qshap_loss_xgboost" "qshap_loss.qshapr_tree_explainer" "qshap_loss" "qshapr::qshap_rsq" 
".Call" "loss_treeshap" "qshap_loss_xgboost" "qshap_loss.qshapr_tree_explainer" "qshap_loss" "qshapr::qshap_rsq" 
".Call" "loss_treeshap" "qshap_loss_xgboost" "qshap_loss.qshapr_tree_explainer" "qshap_loss" "qshapr::qshap_rsq" 
".Call" "loss_treeshap" "qshap_loss_xgboost" "qshap_loss.qshapr_tree_explainer" "qshap_loss" "qshapr::qshap_rsq" 
".Call" "loss_treeshap" "qshap_loss_xgboost" "qshap_loss.qshapr_tree_explainer" "qshap_loss" "qshapr::qshap_rsq" 
".Call" "loss_treeshap" "qshap_loss_xgboost" "qshap_loss.qshapr_tree_explainer" "qshap_loss" "qshapr::qshap_rsq" 
".Call" "loss_treeshap" "qshap_loss_xgboost" "qshap_loss.qshapr_tree_explainer" "qshap_loss" "qshapr::qshap_rsq" 
".Call" "loss_treeshap" "qshap_loss_xgboost" "qshap_loss.qshapr_tree_explainer" "qshap_loss" "qshapr::qshap_rsq" 
"qshap_loss_xgboost" "qshap_loss.qshapr_tree_explainer" "qshap_loss" "qshapr::qshap_rsq" 
"topenv" "getPackageName" "isTRUE" "getClassDef" "is" "num_to_char" ".local" "FUN" "FUN" "vapply" ".local" "asJSON" "asJSON" "jsonlite::toJSON" "predict.xgb.Booster" "predict" "qshap_loss_xgboost" "qshap_loss.qshapr_tree_explainer" "qshap_loss" "qshapr::qshap_rsq" 
"num_to_char" ".local" "FUN" "FUN" "vapply" ".local" "asJSON" "asJSON" "jsonlite::toJSON" "predict.xgb.Booster" "predict" "qshap_loss_xgboost" "qshap_loss.qshapr_tree_explainer" "qshap_loss" "qshapr::qshap_rsq" 
"predict.xgb.Booster" "predict" "qshap_loss_xgboost" "qshap_loss.qshapr_tree_explainer" "qshap_loss" "qshapr::qshap_rsq" 
"is" ".local" "FUN" "FUN" "vapply" ".local" "asJSON" "asJSON" "jsonlite::toJSON" "predict.xgb.Booster" "predict" "qshap_loss_xgboost" "qshap_loss.qshapr_tree_explainer" "qshap_loss" "qshapr::qshap_rsq" 
"predict.xgb.Booster" "predict" "qshap_loss_xgboost" "qshap_loss.qshapr_tree_explainer" "qshap_loss" "qshapr::qshap_rsq" 
".Call" "loss_treeshap" "qshap_loss_xgboost" "qshap_loss.qshapr_tree_explainer" "qshap_loss" "qshapr::qshap_rsq" 
".Call" "loss_treeshap" "qshap_loss_xgboost" "qshap_loss.qshapr_tree_explainer" "qshap_loss" "qshapr::qshap_rsq" 
".Call" "loss_treeshap" "qshap_loss_xgboost" "qshap_loss.qshapr_tree_explainer" "qshap_loss" "qshapr::qshap_rsq" 
".Call" "loss_treeshap" "qshap_loss_xgboost" "qshap_loss.qshapr_tree_explainer" "qshap_loss" "qshapr::qshap_rsq" 
".Call" "loss_treeshap" "qshap_loss_xgboost" "qshap_loss.qshapr_tree_explainer" "qshap_loss" "qshapr::qshap_rsq" 
".Call" "loss_treeshap" "qshap_loss_xgboost" "qshap_loss.qshapr_tree_explainer" "qshap_loss" "qshapr::qshap_rsq" 
".Call" "loss_treeshap" "qshap_loss_xgboost" "qshap_loss.qshapr_tree_explainer" "qshap_loss" "qshapr::qshap_rsq" 
".Call" "loss_treeshap" "qshap_loss_xgboost" "qshap_loss.qshapr_tree_explainer" "qshap_loss" "qshapr::qshap_rsq" 
".Call" "loss_treeshap" "qshap_loss_xgboost" "qshap_loss.qshapr_tree_explainer" "qshap_loss" "qshapr::qshap_rsq" 
".Call" "loss_treeshap" "qshap_loss_xgboost" "qshap_loss.qshapr_tree_explainer" "qshap_loss" "qshapr::qshap_rsq" 
".Call" "loss_treeshap" "qshap_loss_xgboost" "qshap_loss.qshapr_tree_explainer" "qshap_loss" "qshapr::qshap_rsq" 
".Call" "loss_treeshap" "qshap_loss_xgboost" "qshap_loss.qshapr_tree_explainer" "qshap_loss" "qshapr::qshap_rsq" 
".Call" "loss_treeshap" "qshap_loss_xgboost" "qshap_loss.qshapr_tree_explainer" "qshap_loss" "qshapr::qshap_rsq" 
".Call" "loss_treeshap" "qshap_loss_xgboost" "qshap_loss.qshapr_tree_explainer" "qshap_loss" "qshapr::qshap_rsq" 
".Call" "loss_treeshap" "qshap_loss_xgboost" "qshap_loss.qshapr_tree_explainer" "qshap_loss" "qshapr::qshap_rsq" 
".Call" "loss_treeshap" "qshap_loss_xgboost" "qshap_loss.qshapr_tree_explainer" "qshap_loss" "qshapr::qshap_rsq" 
".Call" "loss_treeshap" "qshap_loss_xgboost" "qshap_loss.qshapr_tree_explainer" "qshap_loss" "qshapr::qshap_rsq" 
".Call" "loss_treeshap" "qshap_loss_xgboost" "qshap_loss.qshapr_tree_explainer" "qshap_loss" "qshapr::qshap_rsq" 
".Call" "loss_treeshap" "qshap_loss_xgboost" "qshap_loss.qshapr_tree_explainer" "qshap_loss" "qshapr::qshap_rsq" 
".Call" "loss_treeshap" "qshap_loss_xgboost" "qshap_loss.qshapr_tree_explainer" "qshap_loss" "qshapr::qshap_rsq" 
".Call" "loss_treeshap" "qshap_loss_xgboost" "qshap_loss.qshapr_tree_explainer" "qshap_loss" "qshapr::qshap_rsq" 
".Call" "loss_treeshap" "qshap_loss_xgboost" "qshap_loss.qshapr_tree_explainer" "qshap_loss" "qshapr::qshap_rsq" 
".Call" "loss_treeshap" "qshap_loss_xgboost" "qshap_loss.qshapr_tree_explainer" "qshap_loss" "qshapr::qshap_rsq" 
".Call" "loss_treeshap" "qshap_loss_xgboost" "qshap_loss.qshapr_tree_explainer" "qshap_loss" "qshapr::qshap_rsq" 
".Call" "loss_treeshap" "qshap_loss_xgboost" "qshap_loss.qshapr_tree_explainer" "qshap_loss" "qshapr::qshap_rsq" 
".Call" "loss_treeshap" "qshap_loss_xgboost" "qshap_loss.qshapr_tree_explainer" "qshap_loss" "qshapr::qshap_rsq" 
".Call" "loss_treeshap" "qshap_loss_xgboost" "qshap_loss.qshapr_tree_explainer" "qshap_loss" "qshapr::qshap_rsq" 
".Call" "loss_treeshap" "qshap_loss_xgboost" "qshap_loss.qshapr_tree_explainer" "qshap_loss" "qshapr::qshap_rsq" 
".Call" "loss_treeshap" "qshap_loss_xgboost" "qshap_loss.qshapr_tree_explainer" "qshap_loss" "qshapr::qshap_rsq" 
".Call" "loss_treeshap" "qshap_loss_xgboost" "qshap_loss.qshapr_tree_explainer" "qshap_loss" "qshapr::qshap_rsq" 
".Call" "loss_treeshap" "qshap_loss_xgboost" "qshap_loss.qshapr_tree_explainer" "qshap_loss" "qshapr::qshap_rsq" 
".Call" "loss_treeshap" "qshap_loss_xgboost" "qshap_loss.qshapr_tree_explainer" "qshap_loss" "qshapr::qshap_rsq" 
".Call" "loss_treeshap" "qshap_loss_xgboost" "qshap_loss.qshapr_tree_explainer" "qshap_loss" "qshapr::qshap_rsq" 
".Call" "loss_treeshap" "qshap_loss_xgboost" "qshap_loss.qshapr_tree_explainer" "qshap_loss" "qshapr::qshap_rsq" 
".Call" "loss_treeshap" "qshap_loss_xgboost" "qshap_loss.qshapr_tree_explainer" "qshap_loss" "qshapr::qshap_rsq" 
".Call" "loss_treeshap" "qshap_loss_xgboost" "qshap_loss.qshapr_tree_explainer" "qshap_loss" "qshapr::qshap_rsq" 
".Call" "loss_treeshap" "qshap_loss_xgboost" "qshap_loss.qshapr_tree_explainer" "qshap_loss" "qshapr::qshap_rsq" 
".Call" "loss_treeshap" "qshap_loss_xgboost" "qshap_loss.qshapr_tree_explainer" "qshap_loss" "qshapr::qshap_rsq" 
".Call" "loss_treeshap" "qshap_loss_xgboost" "qshap_loss.qshapr_tree_explainer" "qshap_loss" "qshapr::qshap_rsq" 
".Call" "loss_treeshap" "qshap_loss_xgboost" "qshap_loss.qshapr_tree_explainer" "qshap_loss" "qshapr::qshap_rsq" 
".Call" "loss_treeshap" "qshap_loss_xgboost" "qshap_loss.qshapr_tree_explainer" "qshap_loss" "qshapr::qshap_rsq" 
".Call" "loss_treeshap" "qshap_loss_xgboost" "qshap_loss.qshapr_tree_explainer" "qshap_loss" "qshapr::qshap_rsq" 
".Call" "loss_treeshap" "qshap_loss_xgboost" "qshap_loss.qshapr_tree_explainer" "qshap_loss" "qshapr::qshap_rsq" 
".Call" "loss_treeshap" "qshap_loss_xgboost" "qshap_loss.qshapr_tree_explainer" "qshap_loss" "qshapr::qshap_rsq" 
".Call" "loss_treeshap" "qshap_loss_xgboost" "qshap_loss.qshapr_tree_explainer" "qshap_loss" "qshapr::qshap_rsq" 
".Call" "loss_treeshap" "qshap_loss_xgboost" "qshap_loss.qshapr_tree_explainer" "qshap_loss" "qshapr::qshap_rsq" 
".Call" "loss_treeshap" "qshap_loss_xgboost" "qshap_loss.qshapr_tree_explainer" "qshap_loss" "qshapr::qshap_rsq" 
".Call" "loss_treeshap" "qshap_loss_xgboost" "qshap_loss.qshapr_tree_explainer" "qshap_loss" "qshapr::qshap_rsq" 
".Call" "loss_treeshap" "qshap_loss_xgboost" "qshap_loss.qshapr_tree_explainer" "qshap_loss" "qshapr::qshap_rsq" 
".Call" "loss_treeshap" "qshap_loss_xgboost" "qshap_loss.qshapr_tree_explainer" "qshap_loss" "qshapr::qshap_rsq" 
".Call" "loss_treeshap" "qshap_loss_xgboost" "qshap_loss.qshapr_tree_explainer" "qshap_loss" "qshapr::qshap_rsq" 
".Call" "loss_treeshap" "qshap_loss_xgboost" "qshap_loss.qshapr_tree_explainer" "qshap_loss" "qshapr::qshap_rsq" 
".Call" "loss_treeshap" "qshap_loss_xgboost" "qshap_loss.qshapr_tree_explainer" "qshap_loss" "qshapr::qshap_rsq" 
".Call" "loss_treeshap" "qshap_loss_xgboost" "qshap_loss.qshapr_tree_explainer" "qshap_loss" "qshapr::qshap_rsq" 
".Call" "loss_treeshap" "qshap_loss_xgboost" "qshap_loss.qshapr_tree_explainer" "qshap_loss" "qshapr::qshap_rsq" 
".Call" "loss_treeshap" "qshap_loss_xgboost" "qshap_loss.qshapr_tree_explainer" "qshap_loss" "qshapr::qshap_rsq" 
".Call" "loss_treeshap" "qshap_loss_xgboost" "qshap_loss.qshapr_tree_explainer" "qshap_loss" "qshapr::qshap_rsq" 
".Call" "loss_treeshap" "qshap_loss_xgboost" "qshap_loss.qshapr_tree_explainer" "qshap_loss" "qshapr::qshap_rsq" 
".Call" "loss_treeshap" "qshap_loss_xgboost" "qshap_loss.qshapr_tree_explainer" "qshap_loss" "qshapr::qshap_rsq" 
".Call" "loss_treeshap" "qshap_loss_xgboost" "qshap_loss.qshapr_tree_explainer" "qshap_loss" "qshapr::qshap_rsq" 
".Call" "loss_treeshap" "qshap_loss_xgboost" "qshap_loss.qshapr_tree_explainer" "qshap_loss" "qshapr::qshap_rsq" 
".Call" "loss_treeshap" "qshap_loss_xgboost" "qshap_loss.qshapr_tree_explainer" "qshap_loss" "qshapr::qshap_rsq" 
".Call" "loss_treeshap" "qshap_loss_xgboost" "qshap_loss.qshapr_tree_explainer" "qshap_loss" "qshapr::qshap_rsq" 
".Call" "loss_treeshap" "qshap_loss_xgboost" "qshap_loss.qshapr_tree_explainer" "qshap_loss" "qshapr::qshap_rsq" 
".Call" "loss_treeshap" "qshap_loss_xgboost" "qshap_loss.qshapr_tree_explainer" "qshap_loss" "qshapr::qshap_rsq" 
".Call" "loss_treeshap" "qshap_loss_xgboost" "qshap_loss.qshapr_tree_explainer" "qshap_loss" "qshapr::qshap_rsq" 
".Call" "loss_treeshap" "qshap_loss_xgboost" "qshap_loss.qshapr_tree_explainer" "qshap_loss" "qshapr::qshap_rsq" 
".Call" "loss_treeshap" "qshap_loss_xgboost" "qshap_loss.qshapr_tree_explainer" "qshap_loss" "qshapr::qshap_rsq" 
".Call" "loss_treeshap" "qshap_loss_xgboost" "qshap_loss.qshapr_tree_explainer" "qshap_loss" "qshapr::qshap_rsq" 
".Call" "loss_treeshap" "qshap_loss_xgboost" "qshap_loss.qshapr_tree_explainer" "qshap_loss" "qshapr::qshap_rsq" 
".Call" "loss_treeshap" "qshap_loss_xgboost" "qshap_loss.qshapr_tree_explainer" "qshap_loss" "qshapr::qshap_rsq" 
".Call" "loss_treeshap" "qshap_loss_xgboost" "qshap_loss.qshapr_tree_explainer" "qshap_loss" "qshapr::qshap_rsq" 
".Call" "loss_treeshap" "qshap_loss_xgboost" "qshap_loss.qshapr_tree_explainer" "qshap_loss" "qshapr::qshap_rsq" 
".Call" "loss_treeshap" "qshap_loss_xgboost" "qshap_loss.qshapr_tree_explainer" "qshap_loss" "qshapr::qshap_rsq" 
".Call" "loss_treeshap" "qshap_loss_xgboost" "qshap_loss.qshapr_tree_explainer" "qshap_loss" "qshapr::qshap_rsq" 
".Call" "loss_treeshap" "qshap_loss_xgboost" "qshap_loss.qshapr_tree_explainer" "qshap_loss" "qshapr::qshap_rsq" 
".Call" "loss_treeshap" "qshap_loss_xgboost" "qshap_loss.qshapr_tree_explainer" "qshap_loss" "qshapr::qshap_rsq" 
".Call" "loss_treeshap" "qshap_loss_xgboost" "qshap_loss.qshapr_tree_explainer" "qshap_loss" "qshapr::qshap_rsq" 
"qshap_loss_xgboost" "qshap_loss.qshapr_tree_explainer" "qshap_loss" "qshapr::qshap_rsq" 
